{"/Users/gvanginkel/Development/cronkite/src/components/cronk-datastreams/cronk-datastreams.tsx": {"path":"/Users/gvanginkel/Development/cronkite/src/components/cronk-datastreams/cronk-datastreams.tsx","statementMap":{"0":{"start":{"line":1,"column":0},"end":{"line":1,"column":81}},"1":{"start":{"line":14,"column":11},"end":{"line":14,"column":39}},"2":{"start":{"line":18,"column":4},"end":{"line":18,"column":114}},"3":{"start":{"line":18,"column":82},"end":{"line":18,"column":112}},"4":{"start":{"line":23,"column":4},"end":{"line":23,"column":84}},"5":{"start":{"line":27,"column":23},"end":{"line":27,"column":76}},"6":{"start":{"line":28,"column":29},"end":{"line":28,"column":39}},"7":{"start":{"line":30,"column":4},"end":{"line":39,"column":6}},"8":{"start":{"line":35,"column":12},"end":{"line":35,"column":116}},"9":{"start":{"line":4,"column":0},"end":{"line":4,"column":null}}},"fnMap":{"0":{"name":"(anonymous_0)","decl":{"start":{"line":4,"column":0},"end":{"line":4,"column":null}},"loc":{"start":{"line":4,"column":0},"end":{"line":41,"column":null}}},"1":{"name":"(anonymous_1)","decl":{"start":{"line":17,"column":2},"end":{"line":17,"column":7}},"loc":{"start":{"line":17,"column":14},"end":{"line":19,"column":3}}},"2":{"name":"(anonymous_2)","decl":{"start":{"line":18,"column":59},"end":{"line":18,"column":60}},"loc":{"start":{"line":18,"column":82},"end":{"line":18,"column":112}}},"3":{"name":"(anonymous_3)","decl":{"start":{"line":22,"column":2},"end":{"line":22,"column":7}},"loc":{"start":{"line":22,"column":16},"end":{"line":24,"column":3}}},"4":{"name":"(anonymous_4)","decl":{"start":{"line":26,"column":2},"end":{"line":26,"column":8}},"loc":{"start":{"line":26,"column":8},"end":{"line":40,"column":3}}},"5":{"name":"(anonymous_5)","decl":{"start":{"line":34,"column":27},"end":{"line":34,"column":28}},"loc":{"start":{"line":35,"column":12},"end":{"line":35,"column":116}}}},"branchMap":{"0":{"loc":{"start":{"line":27,"column":23},"end":{"line":27,"column":49}},"type":"binary-expr","locations":[{"start":{"line":27,"column":23},"end":{"line":27,"column":49}},{"start":{"line":27,"column":53},"end":{"line":27,"column":76}}]},"1":{"loc":{"start":{"line":32,"column":10},"end":{"line":32,"column":26}},"type":"binary-expr","locations":[{"start":{"line":32,"column":10},"end":{"line":32,"column":26}},{"start":{"line":33,"column":10},"end":{"line":33,"column":22}},{"start":{"line":34,"column":10},"end":{"line":36,"column":12}},{"start":{"line":37,"column":10},"end":{"line":37,"column":14}}]}},"s":{"0":1,"1":6,"2":1,"3":1,"4":2,"5":8,"6":8,"7":8,"8":3,"9":1},"f":{"0":6,"1":1,"2":1,"3":2,"4":8,"5":3},"b":{"0":[8,3],"1":[8,3,3,5]}}
,"/Users/gvanginkel/Development/cronkite/src/components/cronk-errormessage/cronk-errormessage.tsx": {"path":"/Users/gvanginkel/Development/cronkite/src/components/cronk-errormessage/cronk-errormessage.tsx","statementMap":{"0":{"start":{"line":1,"column":0},"end":{"line":1,"column":57}},"1":{"start":{"line":8,"column":10},"end":{"line":8,"column":47}},"2":{"start":{"line":11,"column":4},"end":{"line":11,"column":39}},"3":{"start":{"line":3,"column":0},"end":{"line":3,"column":null}}},"fnMap":{"0":{"name":"(anonymous_0)","decl":{"start":{"line":3,"column":0},"end":{"line":3,"column":null}},"loc":{"start":{"line":3,"column":0},"end":{"line":13,"column":null}}},"1":{"name":"(anonymous_1)","decl":{"start":{"line":10,"column":2},"end":{"line":10,"column":8}},"loc":{"start":{"line":10,"column":8},"end":{"line":12,"column":3}}}},"branchMap":{},"s":{"0":1,"1":3,"2":3,"3":1},"f":{"0":3,"1":3},"b":{}}
,"/Users/gvanginkel/Development/cronkite/src/components/cronk-event-stream/cronk-event-stream.tsx": {"path":"/Users/gvanginkel/Development/cronkite/src/components/cronk-event-stream/cronk-event-stream.tsx","statementMap":{"0":{"start":{"line":1,"column":0},"end":{"line":1,"column":64}},"1":{"start":{"line":14,"column":4},"end":{"line":14,"column":29}},"2":{"start":{"line":14,"column":22},"end":{"line":14,"column":29}},"3":{"start":{"line":15,"column":10},"end":{"line":15,"column":12}},"4":{"start":{"line":15,"column":19},"end":{"line":15,"column":21}},"5":{"start":{"line":15,"column":21},"end":{"line":15,"column":50}},"6":{"start":{"line":16,"column":4},"end":{"line":16,"column":25}},"7":{"start":{"line":16,"column":18},"end":{"line":16,"column":25}},"8":{"start":{"line":17,"column":4},"end":{"line":17,"column":28}},"9":{"start":{"line":18,"column":4},"end":{"line":23,"column":6}},"10":{"start":{"line":21,"column":28},"end":{"line":21,"column":48}},"11":{"start":{"line":22,"column":31},"end":{"line":22,"column":56}},"12":{"start":{"line":27,"column":4},"end":{"line":27,"column":54}},"13":{"start":{"line":27,"column":47},"end":{"line":27,"column":54}},"14":{"start":{"line":29,"column":24},"end":{"line":29,"column":37}},"15":{"start":{"line":30,"column":4},"end":{"line":34,"column":6}},"16":{"start":{"line":3,"column":0},"end":{"line":3,"column":null}}},"fnMap":{"0":{"name":"(anonymous_2)","decl":{"start":{"line":13,"column":2},"end":{"line":13,"column":7}},"loc":{"start":{"line":13,"column":25},"end":{"line":24,"column":3}}},"1":{"name":"(anonymous_3)","decl":{"start":{"line":21,"column":16},"end":{"line":21,"column":17}},"loc":{"start":{"line":21,"column":28},"end":{"line":21,"column":48}}},"2":{"name":"(anonymous_4)","decl":{"start":{"line":22,"column":13},"end":{"line":22,"column":14}},"loc":{"start":{"line":22,"column":31},"end":{"line":22,"column":56}}},"3":{"name":"(anonymous_5)","decl":{"start":{"line":26,"column":2},"end":{"line":26,"column":8}},"loc":{"start":{"line":26,"column":8},"end":{"line":35,"column":3}}}},"branchMap":{"0":{"loc":{"start":{"line":14,"column":4},"end":{"line":14,"column":29}},"type":"if","locations":[{"start":{"line":14,"column":4},"end":{"line":14,"column":29}},{"start":{"line":14,"column":4},"end":{"line":14,"column":29}}]},"1":{"loc":{"start":{"line":16,"column":4},"end":{"line":16,"column":25}},"type":"if","locations":[{"start":{"line":16,"column":4},"end":{"line":16,"column":25}},{"start":{"line":16,"column":4},"end":{"line":16,"column":25}}]},"2":{"loc":{"start":{"line":27,"column":4},"end":{"line":27,"column":54}},"type":"if","locations":[{"start":{"line":27,"column":4},"end":{"line":27,"column":54}},{"start":{"line":27,"column":4},"end":{"line":27,"column":54}}]},"3":{"loc":{"start":{"line":27,"column":8},"end":{"line":27,"column":22}},"type":"binary-expr","locations":[{"start":{"line":27,"column":8},"end":{"line":27,"column":22}},{"start":{"line":27,"column":26},"end":{"line":27,"column":45}}]}},"s":{"0":1,"1":5,"2":3,"3":2,"4":2,"5":2,"6":2,"7":1,"8":1,"9":1,"10":2,"11":1,"12":5,"13":4,"14":1,"15":1,"16":1},"f":{"0":5,"1":2,"2":1,"3":5},"b":{"0":[3,2],"1":[1,1],"2":[4,1],"3":[5,1]}}
,"/Users/gvanginkel/Development/cronkite/src/components/cronk-funnel/cronk-funnel.tsx": {"path":"/Users/gvanginkel/Development/cronkite/src/components/cronk-funnel/cronk-funnel.tsx","statementMap":{"0":{"start":{"line":1,"column":0},"end":{"line":1,"column":64}},"1":{"start":{"line":9,"column":10},"end":{"line":9,"column":59}},"2":{"start":{"line":12,"column":20},"end":{"line":12,"column":111}},"3":{"start":{"line":12,"column":78},"end":{"line":12,"column":110}},"4":{"start":{"line":13,"column":4},"end":{"line":15,"column":null}},"5":{"start":{"line":14,"column":6},"end":{"line":14,"column":92}},"6":{"start":{"line":19,"column":4},"end":{"line":19,"column":78}},"7":{"start":{"line":19,"column":66},"end":{"line":19,"column":78}},"8":{"start":{"line":21,"column":16},"end":{"line":21,"column":17}},"9":{"start":{"line":22,"column":20},"end":{"line":22,"column":22}},"10":{"start":{"line":23,"column":4},"end":{"line":30,"column":7}},"11":{"start":{"line":24,"column":6},"end":{"line":28,"column":null}},"12":{"start":{"line":25,"column":8},"end":{"line":25,"column":57}},"13":{"start":{"line":27,"column":8},"end":{"line":27,"column":39}},"14":{"start":{"line":29,"column":6},"end":{"line":29,"column":33}},"15":{"start":{"line":32,"column":61},"end":{"line":34,"column":76}},"16":{"start":{"line":34,"column":58},"end":{"line":34,"column":75}},"17":{"start":{"line":36,"column":4},"end":{"line":53,"column":6}},"18":{"start":{"line":41,"column":14},"end":{"line":47,"column":null}},"19":{"start":{"line":4,"column":0},"end":{"line":4,"column":null}}},"fnMap":{"0":{"name":"(anonymous_0)","decl":{"start":{"line":4,"column":0},"end":{"line":4,"column":null}},"loc":{"start":{"line":4,"column":0},"end":{"line":55,"column":null}}},"1":{"name":"(anonymous_1)","decl":{"start":{"line":11,"column":2},"end":{"line":11,"column":20}},"loc":{"start":{"line":11,"column":40},"end":{"line":16,"column":3}}},"2":{"name":"(anonymous_2)","decl":{"start":{"line":12,"column":68},"end":{"line":12,"column":74}},"loc":{"start":{"line":12,"column":78},"end":{"line":12,"column":110}}},"3":{"name":"(anonymous_3)","decl":{"start":{"line":18,"column":2},"end":{"line":18,"column":8}},"loc":{"start":{"line":18,"column":8},"end":{"line":54,"column":3}}},"4":{"name":"(anonymous_4)","decl":{"start":{"line":23,"column":27},"end":{"line":23,"column":33}},"loc":{"start":{"line":23,"column":36},"end":{"line":30,"column":5}}},"5":{"name":"(anonymous_5)","decl":{"start":{"line":34,"column":48},"end":{"line":34,"column":49}},"loc":{"start":{"line":34,"column":58},"end":{"line":34,"column":75}}},"6":{"name":"(anonymous_6)","decl":{"start":{"line":40,"column":31},"end":{"line":40,"column":37}},"loc":{"start":{"line":41,"column":14},"end":{"line":47,"column":null}}}},"branchMap":{"0":{"loc":{"start":{"line":12,"column":20},"end":{"line":12,"column":45}},"type":"binary-expr","locations":[{"start":{"line":12,"column":20},"end":{"line":12,"column":45}},{"start":{"line":12,"column":49},"end":{"line":12,"column":111}}]},"1":{"loc":{"start":{"line":12,"column":78},"end":{"line":12,"column":92}},"type":"binary-expr","locations":[{"start":{"line":12,"column":78},"end":{"line":12,"column":92}},{"start":{"line":12,"column":96},"end":{"line":12,"column":110}}]},"2":{"loc":{"start":{"line":13,"column":4},"end":{"line":15,"column":null}},"type":"if","locations":[{"start":{"line":13,"column":4},"end":{"line":15,"column":null}},{"start":{"line":13,"column":4},"end":{"line":15,"column":null}}]},"3":{"loc":{"start":{"line":19,"column":4},"end":{"line":19,"column":78}},"type":"if","locations":[{"start":{"line":19,"column":4},"end":{"line":19,"column":78}},{"start":{"line":19,"column":4},"end":{"line":19,"column":78}}]},"4":{"loc":{"start":{"line":19,"column":8},"end":{"line":19,"column":38}},"type":"binary-expr","locations":[{"start":{"line":19,"column":8},"end":{"line":19,"column":38}},{"start":{"line":19,"column":42},"end":{"line":19,"column":64}}]},"5":{"loc":{"start":{"line":24,"column":6},"end":{"line":28,"column":null}},"type":"if","locations":[{"start":{"line":24,"column":6},"end":{"line":28,"column":null}},{"start":{"line":24,"column":6},"end":{"line":28,"column":null}}]},"6":{"loc":{"start":{"line":25,"column":39},"end":{"line":25,"column":51}},"type":"binary-expr","locations":[{"start":{"line":25,"column":39},"end":{"line":25,"column":51}},{"start":{"line":25,"column":55},"end":{"line":25,"column":56}}]},"7":{"loc":{"start":{"line":29,"column":15},"end":{"line":29,"column":27}},"type":"binary-expr","locations":[{"start":{"line":29,"column":15},"end":{"line":29,"column":27}},{"start":{"line":29,"column":31},"end":{"line":29,"column":32}}]}},"s":{"0":1,"1":6,"2":3,"3":5,"4":3,"5":1,"6":8,"7":5,"8":3,"9":3,"10":3,"11":5,"12":0,"13":5,"14":5,"15":3,"16":2,"17":3,"18":5,"19":1},"f":{"0":6,"1":3,"2":5,"3":8,"4":5,"5":2,"6":5},"b":{"0":[3,3],"1":[5,4],"2":[1,2],"3":[5,3],"4":[8,8],"5":[0,5],"6":[0,0],"7":[5,1]}}
,"/Users/gvanginkel/Development/cronkite/src/components/cronk-page/cronk-page.tsx": {"path":"/Users/gvanginkel/Development/cronkite/src/components/cronk-page/cronk-page.tsx","statementMap":{"0":{"start":{"line":2,"column":0},"end":{"line":2,"column":21}},"1":{"start":{"line":3,"column":0},"end":{"line":3,"column":34}},"2":{"start":{"line":4,"column":0},"end":{"line":4,"column":108}},"3":{"start":{"line":5,"column":0},"end":{"line":5,"column":22}},"4":{"start":{"line":6,"column":0},"end":{"line":6,"column":39}},"5":{"start":{"line":7,"column":0},"end":{"line":7,"column":36}},"6":{"start":{"line":8,"column":0},"end":{"line":8,"column":54}},"7":{"start":{"line":11,"column":23},"end":{"line":11,"column":25}},"8":{"start":{"line":19,"column":10},"end":{"line":19,"column":26}},"9":{"start":{"line":24,"column":11},"end":{"line":24,"column":29}},"10":{"start":{"line":26,"column":10},"end":{"line":26,"column":29}},"11":{"start":{"line":72,"column":10},"end":{"line":76,"column":8}},"12":{"start":{"line":73,"column":4},"end":{"line":73,"column":85}},"13":{"start":{"line":74,"column":4},"end":{"line":74,"column":31}},"14":{"start":{"line":75,"column":4},"end":{"line":75,"column":58}},"15":{"start":{"line":32,"column":4},"end":{"line":36,"column":null}},"16":{"start":{"line":33,"column":6},"end":{"line":33,"column":35}},"17":{"start":{"line":34,"column":6},"end":{"line":34,"column":29}},"18":{"start":{"line":35,"column":6},"end":{"line":35,"column":13}},"19":{"start":{"line":43,"column":4},"end":{"line":43,"column":49}},"20":{"start":{"line":48,"column":18},"end":{"line":48,"column":23}},"21":{"start":{"line":49,"column":4},"end":{"line":56,"column":null}},"22":{"start":{"line":50,"column":6},"end":{"line":50,"column":45}},"23":{"start":{"line":51,"column":6},"end":{"line":53,"column":null}},"24":{"start":{"line":52,"column":8},"end":{"line":52,"column":87}},"25":{"start":{"line":55,"column":6},"end":{"line":55,"column":27}},"26":{"start":{"line":57,"column":4},"end":{"line":57,"column":19}},"27":{"start":{"line":62,"column":4},"end":{"line":64,"column":null}},"28":{"start":{"line":63,"column":6},"end":{"line":63,"column":34}},"29":{"start":{"line":69,"column":4},"end":{"line":69,"column":25}},"30":{"start":{"line":79,"column":4},"end":{"line":79,"column":52}},"31":{"start":{"line":83,"column":4},"end":{"line":83,"column":32}},"32":{"start":{"line":83,"column":19},"end":{"line":83,"column":32}},"33":{"start":{"line":84,"column":4},"end":{"line":84,"column":64}},"34":{"start":{"line":88,"column":4},"end":{"line":88,"column":39}},"35":{"start":{"line":92,"column":22},"end":{"line":92,"column":52}},"36":{"start":{"line":93,"column":26},"end":{"line":93,"column":75}},"37":{"start":{"line":94,"column":20},"end":{"line":94,"column":91}},"38":{"start":{"line":96,"column":40},"end":{"line":96,"column":81}},"39":{"start":{"line":98,"column":23},"end":{"line":98,"column":66}},"40":{"start":{"line":101,"column":6},"end":{"line":110,"column":18}},"41":{"start":{"line":105,"column":14},"end":{"line":105,"column":112}},"42":{"start":{"line":105,"column":94},"end":{"line":105,"column":109}},"43":{"start":{"line":113,"column":4},"end":{"line":146,"column":6}},"44":{"start":{"line":119,"column":42},"end":{"line":119,"column":107}},"45":{"start":{"line":120,"column":27},"end":{"line":120,"column":67}},"46":{"start":{"line":121,"column":14},"end":{"line":128,"column":16}},"47":{"start":{"line":13,"column":0},"end":{"line":13,"column":null}}},"fnMap":{"0":{"name":"(anonymous_1)","decl":{"start":{"line":13,"column":0},"end":{"line":13,"column":null}},"loc":{"start":{"line":13,"column":0},"end":{"line":148,"column":null}}},"1":{"name":"(anonymous_2)","decl":{"start":{"line":72,"column":35},"end":{"line":72,"column":40}},"loc":{"start":{"line":72,"column":46},"end":{"line":76,"column":3}}},"2":{"name":"(anonymous_3)","decl":{"start":{"line":30,"column":2},"end":{"line":30,"column":7}},"loc":{"start":{"line":30,"column":35},"end":{"line":44,"column":3}}},"3":{"name":"(anonymous_4)","decl":{"start":{"line":47,"column":2},"end":{"line":47,"column":7}},"loc":{"start":{"line":47,"column":36},"end":{"line":58,"column":3}}},"4":{"name":"(anonymous_5)","decl":{"start":{"line":61,"column":2},"end":{"line":61,"column":7}},"loc":{"start":{"line":61,"column":33},"end":{"line":65,"column":3}}},"5":{"name":"(anonymous_6)","decl":{"start":{"line":68,"column":2},"end":{"line":68,"column":7}},"loc":{"start":{"line":68,"column":31},"end":{"line":70,"column":3}}},"6":{"name":"(anonymous_7)","decl":{"start":{"line":78,"column":2},"end":{"line":78,"column":19}},"loc":{"start":{"line":78,"column":19},"end":{"line":80,"column":3}}},"7":{"name":"(anonymous_8)","decl":{"start":{"line":82,"column":2},"end":{"line":82,"column":15}},"loc":{"start":{"line":82,"column":29},"end":{"line":85,"column":3}}},"8":{"name":"(anonymous_9)","decl":{"start":{"line":87,"column":2},"end":{"line":87,"column":21}},"loc":{"start":{"line":87,"column":21},"end":{"line":89,"column":3}}},"9":{"name":"(anonymous_10)","decl":{"start":{"line":91,"column":2},"end":{"line":91,"column":8}},"loc":{"start":{"line":91,"column":8},"end":{"line":147,"column":3}}},"10":{"name":"(anonymous_11)","decl":{"start":{"line":104,"column":12},"end":{"line":104,"column":13}},"loc":{"start":{"line":104,"column":57},"end":{"line":106,"column":13}}},"11":{"name":"(anonymous_12)","decl":{"start":{"line":105,"column":76},"end":{"line":105,"column":77}},"loc":{"start":{"line":105,"column":94},"end":{"line":105,"column":109}}},"12":{"name":"(anonymous_13)","decl":{"start":{"line":118,"column":36},"end":{"line":118,"column":37}},"loc":{"start":{"line":118,"column":53},"end":{"line":129,"column":13}}}},"branchMap":{"0":{"loc":{"start":{"line":75,"column":47},"end":{"line":75,"column":49}},"type":"cond-expr","locations":[{"start":{"line":75,"column":47},"end":{"line":75,"column":49}},{"start":{"line":75,"column":47},"end":{"line":75,"column":58}}]},"1":{"loc":{"start":{"line":75,"column":4},"end":{"line":75,"column":49}},"type":"binary-expr","locations":[{"start":{"line":75,"column":4},"end":{"line":75,"column":49}},{"start":{"line":75,"column":47},"end":{"line":75,"column":49}}]},"2":{"loc":{"start":{"line":32,"column":4},"end":{"line":36,"column":null}},"type":"if","locations":[{"start":{"line":32,"column":4},"end":{"line":36,"column":null}},{"start":{"line":32,"column":4},"end":{"line":36,"column":null}}]},"3":{"loc":{"start":{"line":51,"column":6},"end":{"line":53,"column":null}},"type":"if","locations":[{"start":{"line":51,"column":6},"end":{"line":53,"column":null}},{"start":{"line":51,"column":6},"end":{"line":53,"column":null}}]},"4":{"loc":{"start":{"line":62,"column":4},"end":{"line":64,"column":null}},"type":"if","locations":[{"start":{"line":62,"column":4},"end":{"line":64,"column":null}},{"start":{"line":62,"column":4},"end":{"line":64,"column":null}}]},"5":{"loc":{"start":{"line":83,"column":4},"end":{"line":83,"column":32}},"type":"if","locations":[{"start":{"line":83,"column":4},"end":{"line":83,"column":32}},{"start":{"line":83,"column":4},"end":{"line":83,"column":32}}]},"6":{"loc":{"start":{"line":93,"column":26},"end":{"line":93,"column":35}},"type":"binary-expr","locations":[{"start":{"line":93,"column":26},"end":{"line":93,"column":35}},{"start":{"line":93,"column":39},"end":{"line":93,"column":75}}]},"7":{"loc":{"start":{"line":96,"column":41},"end":{"line":96,"column":54}},"type":"binary-expr","locations":[{"start":{"line":96,"column":41},"end":{"line":96,"column":54}},{"start":{"line":96,"column":58},"end":{"line":96,"column":74}},{"start":{"line":96,"column":79},"end":{"line":96,"column":81}}]},"8":{"loc":{"start":{"line":98,"column":23},"end":{"line":98,"column":44}},"type":"binary-expr","locations":[{"start":{"line":98,"column":23},"end":{"line":98,"column":44}},{"start":{"line":98,"column":48},"end":{"line":98,"column":66}}]},"9":{"loc":{"start":{"line":101,"column":7},"end":{"line":101,"column":17}},"type":"binary-expr","locations":[{"start":{"line":101,"column":7},"end":{"line":101,"column":17}},{"start":{"line":102,"column":8},"end":{"line":109,"column":20}},{"start":{"line":110,"column":6},"end":{"line":110,"column":18}}]},"10":{"loc":{"start":{"line":116,"column":10},"end":{"line":116,"column":23}},"type":"binary-expr","locations":[{"start":{"line":116,"column":10},"end":{"line":116,"column":23}},{"start":{"line":117,"column":10},"end":{"line":129,"column":null}},{"start":{"line":132,"column":10},"end":{"line":132,"column":14}}]},"11":{"loc":{"start":{"line":118,"column":14},"end":{"line":118,"column":24}},"type":"binary-expr","locations":[{"start":{"line":118,"column":14},"end":{"line":118,"column":24}},{"start":{"line":118,"column":28},"end":{"line":118,"column":30}}]},"12":{"loc":{"start":{"line":119,"column":59},"end":{"line":119,"column":66}},"type":"cond-expr","locations":[{"start":{"line":119,"column":59},"end":{"line":119,"column":66}},{"start":{"line":119,"column":68},"end":{"line":119,"column":107}}]},"13":{"loc":{"start":{"line":120,"column":27},"end":{"line":120,"column":55}},"type":"binary-expr","locations":[{"start":{"line":120,"column":27},"end":{"line":120,"column":55}},{"start":{"line":120,"column":59},"end":{"line":120,"column":67}}]},"14":{"loc":{"start":{"line":134,"column":10},"end":{"line":134,"column":17}},"type":"binary-expr","locations":[{"start":{"line":134,"column":10},"end":{"line":134,"column":17}},{"start":{"line":134,"column":21},"end":{"line":134,"column":35}},{"start":{"line":135,"column":10},"end":{"line":135,"column":90}},{"start":{"line":137,"column":10},"end":{"line":137,"column":14}}]},"15":{"loc":{"start":{"line":139,"column":10},"end":{"line":139,"column":25}},"type":"binary-expr","locations":[{"start":{"line":139,"column":10},"end":{"line":139,"column":25}},{"start":{"line":140,"column":10},"end":{"line":140,"column":103}},{"start":{"line":142,"column":10},"end":{"line":142,"column":14}}]},"16":{"loc":{"start":{"line":140,"column":32},"end":{"line":140,"column":73}},"type":"cond-expr","locations":[{"start":{"line":140,"column":32},"end":{"line":140,"column":73}},{"start":{"line":140,"column":76},"end":{"line":140,"column":96}}]},"17":{"loc":{"start":{"line":144,"column":10},"end":{"line":144,"column":27}},"type":"binary-expr","locations":[{"start":{"line":144,"column":10},"end":{"line":144,"column":27}},{"start":{"line":144,"column":31},"end":{"line":144,"column":61}},{"start":{"line":144,"column":66},"end":{"line":144,"column":70}}]}},"s":{"0":1,"1":1,"2":1,"3":1,"4":1,"5":1,"6":1,"7":1,"8":10,"9":10,"10":10,"11":10,"12":0,"13":0,"14":0,"15":3,"16":1,"17":1,"18":1,"19":2,"20":7,"21":7,"22":7,"23":7,"24":5,"25":0,"26":7,"27":0,"28":0,"29":0,"30":17,"31":14,"32":0,"33":14,"34":3,"35":9,"36":9,"37":9,"38":9,"39":9,"40":9,"41":0,"42":0,"43":9,"44":0,"45":0,"46":0,"47":1},"f":{"0":10,"1":0,"2":3,"3":7,"4":0,"5":0,"6":17,"7":14,"8":3,"9":9,"10":0,"11":0,"12":0},"b":{"0":[0,0],"1":[0,0],"2":[1,2],"3":[5,2],"4":[0,0],"5":[0,14],"6":[9,3],"7":[9,1,8],"8":[9,1],"9":[9,0,9],"10":[9,1,8],"11":[1,0],"12":[0,0],"13":[0,0],"14":[9,1,0,9],"15":[9,0,9],"16":[0,0],"17":[9,2,7]}}
,"/Users/gvanginkel/Development/cronkite/src/components/cronk-page-components/cronk-page-components.tsx": {"path":"/Users/gvanginkel/Development/cronkite/src/components/cronk-page-components/cronk-page-components.tsx","statementMap":{"0":{"start":{"line":1,"column":0},"end":{"line":1,"column":72}},"1":{"start":{"line":11,"column":4},"end":{"line":11,"column":85}},"2":{"start":{"line":12,"column":4},"end":{"line":12,"column":33}},"3":{"start":{"line":16,"column":4},"end":{"line":29,"column":6}},"4":{"start":{"line":3,"column":0},"end":{"line":3,"column":null}}},"fnMap":{"0":{"name":"(anonymous_1)","decl":{"start":{"line":10,"column":2},"end":{"line":10,"column":18}},"loc":{"start":{"line":10,"column":18},"end":{"line":13,"column":3}}},"1":{"name":"(anonymous_2)","decl":{"start":{"line":15,"column":2},"end":{"line":15,"column":8}},"loc":{"start":{"line":15,"column":8},"end":{"line":30,"column":3}}}},"branchMap":{},"s":{"0":1,"1":1,"2":1,"3":1,"4":1},"f":{"0":1,"1":1},"b":{}}
,"/Users/gvanginkel/Development/cronkite/src/components/cronk-page-panel/cronk-page-panel.tsx": {"path":"/Users/gvanginkel/Development/cronkite/src/components/cronk-page-panel/cronk-page-panel.tsx","statementMap":{"0":{"start":{"line":2,"column":0},"end":{"line":2,"column":64}},"1":{"start":{"line":3,"column":0},"end":{"line":3,"column":36}},"2":{"start":{"line":4,"column":0},"end":{"line":4,"column":51}},"3":{"start":{"line":6,"column":23},"end":{"line":6,"column":25}},"4":{"start":{"line":9,"column":14},"end":{"line":9,"column":16}},"5":{"start":{"line":10,"column":2},"end":{"line":14,"column":null}},"6":{"start":{"line":11,"column":4},"end":{"line":13,"column":null}},"7":{"start":{"line":12,"column":6},"end":{"line":12,"column":28}},"8":{"start":{"line":15,"column":2},"end":{"line":15,"column":13}},"9":{"start":{"line":30,"column":2},"end":{"line":30,"column":24}},"10":{"start":{"line":43,"column":2},"end":{"line":48,"column":4}},"11":{"start":{"line":44,"column":4},"end":{"line":44,"column":72}},"12":{"start":{"line":45,"column":21},"end":{"line":45,"column":26}},"13":{"start":{"line":46,"column":4},"end":{"line":46,"column":42}},"14":{"start":{"line":47,"column":4},"end":{"line":47,"column":63}},"15":{"start":{"line":33,"column":4},"end":{"line":40,"column":null}},"16":{"start":{"line":34,"column":23},"end":{"line":34,"column":69}},"17":{"start":{"line":35,"column":6},"end":{"line":35,"column":84}},"18":{"start":{"line":36,"column":6},"end":{"line":36,"column":36}},"19":{"start":{"line":38,"column":6},"end":{"line":38,"column":88}},"20":{"start":{"line":39,"column":6},"end":{"line":39,"column":32}},"21":{"start":{"line":51,"column":4},"end":{"line":51,"column":34}},"22":{"start":{"line":51,"column":27},"end":{"line":51,"column":34}},"23":{"start":{"line":52,"column":10},"end":{"line":52,"column":12}},"24":{"start":{"line":52,"column":35},"end":{"line":52,"column":37}},"25":{"start":{"line":52,"column":37},"end":{"line":52,"column":71}},"26":{"start":{"line":53,"column":4},"end":{"line":53,"column":27}},"27":{"start":{"line":54,"column":4},"end":{"line":54,"column":36}},"28":{"start":{"line":56,"column":4},"end":{"line":61,"column":null}},"29":{"start":{"line":57,"column":6},"end":{"line":57,"column":57}},"30":{"start":{"line":58,"column":6},"end":{"line":58,"column":65}},"31":{"start":{"line":60,"column":6},"end":{"line":60,"column":53}},"32":{"start":{"line":65,"column":4},"end":{"line":67,"column":7}},"33":{"start":{"line":66,"column":6},"end":{"line":66,"column":67}},"34":{"start":{"line":71,"column":4},"end":{"line":71,"column":51}},"35":{"start":{"line":71,"column":44},"end":{"line":71,"column":51}},"36":{"start":{"line":73,"column":24},"end":{"line":73,"column":36}},"37":{"start":{"line":74,"column":20},"end":{"line":74,"column":83}},"38":{"start":{"line":75,"column":26},"end":{"line":75,"column":91}},"39":{"start":{"line":77,"column":4},"end":{"line":110,"column":6}},"40":{"start":{"line":94,"column":48},"end":{"line":94,"column":113}},"41":{"start":{"line":95,"column":33},"end":{"line":95,"column":73}},"42":{"start":{"line":96,"column":20},"end":{"line":103,"column":22}},"43":{"start":{"line":18,"column":0},"end":{"line":18,"column":null}}},"fnMap":{"0":{"name":"eventAsJSON","decl":{"start":{"line":8,"column":9},"end":{"line":8,"column":20}},"loc":{"start":{"line":8,"column":47},"end":{"line":16,"column":1}}},"1":{"name":"(anonymous_2)","decl":{"start":{"line":18,"column":0},"end":{"line":18,"column":null}},"loc":{"start":{"line":18,"column":0},"end":{"line":112,"column":null}}},"2":{"name":"(anonymous_3)","decl":{"start":{"line":43,"column":17},"end":{"line":43,"column":22}},"loc":{"start":{"line":43,"column":61},"end":{"line":48,"column":3}}},"3":{"name":"(anonymous_4)","decl":{"start":{"line":32,"column":2},"end":{"line":32,"column":7}},"loc":{"start":{"line":32,"column":56},"end":{"line":41,"column":3}}},"4":{"name":"(anonymous_5)","decl":{"start":{"line":50,"column":2},"end":{"line":50,"column":7}},"loc":{"start":{"line":50,"column":25},"end":{"line":62,"column":3}}},"5":{"name":"(anonymous_6)","decl":{"start":{"line":64,"column":2},"end":{"line":64,"column":7}},"loc":{"start":{"line":64,"column":26},"end":{"line":68,"column":3}}},"6":{"name":"(anonymous_7)","decl":{"start":{"line":65,"column":27},"end":{"line":65,"column":35}},"loc":{"start":{"line":65,"column":38},"end":{"line":67,"column":5}}},"7":{"name":"(anonymous_8)","decl":{"start":{"line":70,"column":2},"end":{"line":70,"column":8}},"loc":{"start":{"line":70,"column":8},"end":{"line":111,"column":3}}},"8":{"name":"(anonymous_9)","decl":{"start":{"line":93,"column":59},"end":{"line":93,"column":60}},"loc":{"start":{"line":93,"column":76},"end":{"line":104,"column":19}}}},"branchMap":{"0":{"loc":{"start":{"line":11,"column":4},"end":{"line":13,"column":null}},"type":"if","locations":[{"start":{"line":11,"column":4},"end":{"line":13,"column":null}},{"start":{"line":11,"column":4},"end":{"line":13,"column":null}}]},"1":{"loc":{"start":{"line":11,"column":8},"end":{"line":11,"column":38}},"type":"binary-expr","locations":[{"start":{"line":11,"column":8},"end":{"line":11,"column":38}},{"start":{"line":11,"column":42},"end":{"line":11,"column":72}},{"start":{"line":11,"column":76},"end":{"line":11,"column":107}}]},"2":{"loc":{"start":{"line":46,"column":13},"end":{"line":46,"column":19}},"type":"binary-expr","locations":[{"start":{"line":46,"column":13},"end":{"line":46,"column":19}},{"start":{"line":46,"column":23},"end":{"line":46,"column":41}}]},"3":{"loc":{"start":{"line":51,"column":4},"end":{"line":51,"column":34}},"type":"if","locations":[{"start":{"line":51,"column":4},"end":{"line":51,"column":34}},{"start":{"line":51,"column":4},"end":{"line":51,"column":34}}]},"4":{"loc":{"start":{"line":56,"column":4},"end":{"line":61,"column":null}},"type":"if","locations":[{"start":{"line":56,"column":4},"end":{"line":61,"column":null}},{"start":{"line":56,"column":4},"end":{"line":61,"column":null}}]},"5":{"loc":{"start":{"line":71,"column":4},"end":{"line":71,"column":51}},"type":"if","locations":[{"start":{"line":71,"column":4},"end":{"line":71,"column":51}},{"start":{"line":71,"column":4},"end":{"line":71,"column":51}}]},"6":{"loc":{"start":{"line":71,"column":8},"end":{"line":71,"column":25}},"type":"binary-expr","locations":[{"start":{"line":71,"column":8},"end":{"line":71,"column":25}},{"start":{"line":71,"column":29},"end":{"line":71,"column":42}}]},"7":{"loc":{"start":{"line":74,"column":21},"end":{"line":74,"column":44}},"type":"binary-expr","locations":[{"start":{"line":74,"column":21},"end":{"line":74,"column":44}},{"start":{"line":74,"column":48},"end":{"line":74,"column":77}},{"start":{"line":74,"column":82},"end":{"line":74,"column":83}}]},"8":{"loc":{"start":{"line":75,"column":26},"end":{"line":75,"column":53}},"type":"binary-expr","locations":[{"start":{"line":75,"column":26},"end":{"line":75,"column":53}},{"start":{"line":75,"column":57},"end":{"line":75,"column":91}}]},"9":{"loc":{"start":{"line":79,"column":60},"end":{"line":79,"column":74}},"type":"cond-expr","locations":[{"start":{"line":79,"column":60},"end":{"line":79,"column":74}},{"start":{"line":79,"column":77},"end":{"line":79,"column":79}}]},"10":{"loc":{"start":{"line":83,"column":14},"end":{"line":83,"column":36}},"type":"binary-expr","locations":[{"start":{"line":83,"column":14},"end":{"line":83,"column":36}},{"start":{"line":83,"column":40},"end":{"line":83,"column":42}}]},"11":{"loc":{"start":{"line":87,"column":10},"end":{"line":87,"column":60}},"type":"cond-expr","locations":[{"start":{"line":87,"column":10},"end":{"line":87,"column":60}},{"start":{"line":89,"column":12},"end":{"line":106,"column":null}}]},"12":{"loc":{"start":{"line":90,"column":16},"end":{"line":90,"column":40}},"type":"binary-expr","locations":[{"start":{"line":90,"column":16},"end":{"line":90,"column":40}},{"start":{"line":90,"column":44},"end":{"line":90,"column":79}},{"start":{"line":90,"column":84},"end":{"line":90,"column":88}}]},"13":{"loc":{"start":{"line":92,"column":16},"end":{"line":104,"column":null}},"type":"cond-expr","locations":[{"start":{"line":92,"column":16},"end":{"line":104,"column":null}},{"start":{"line":106,"column":18},"end":{"line":106,"column":22}}]},"14":{"loc":{"start":{"line":93,"column":20},"end":{"line":93,"column":47}},"type":"binary-expr","locations":[{"start":{"line":93,"column":20},"end":{"line":93,"column":47}},{"start":{"line":93,"column":51},"end":{"line":93,"column":53}}]},"15":{"loc":{"start":{"line":94,"column":65},"end":{"line":94,"column":72}},"type":"cond-expr","locations":[{"start":{"line":94,"column":65},"end":{"line":94,"column":72}},{"start":{"line":94,"column":74},"end":{"line":94,"column":113}}]},"16":{"loc":{"start":{"line":95,"column":33},"end":{"line":95,"column":61}},"type":"binary-expr","locations":[{"start":{"line":95,"column":33},"end":{"line":95,"column":61}},{"start":{"line":95,"column":65},"end":{"line":95,"column":73}}]}},"s":{"0":1,"1":1,"2":1,"3":1,"4":0,"5":0,"6":0,"7":0,"8":0,"9":2,"10":2,"11":0,"12":0,"13":0,"14":0,"15":0,"16":0,"17":0,"18":0,"19":0,"20":0,"21":1,"22":1,"23":0,"24":0,"25":0,"26":0,"27":0,"28":0,"29":0,"30":0,"31":0,"32":0,"33":0,"34":1,"35":1,"36":0,"37":0,"38":0,"39":0,"40":0,"41":0,"42":0,"43":1},"f":{"0":0,"1":2,"2":0,"3":0,"4":1,"5":0,"6":0,"7":1,"8":0},"b":{"0":[0,0],"1":[0,0,0],"2":[0,0],"3":[1,0],"4":[0,0],"5":[1,0],"6":[1,0],"7":[0,0,0],"8":[0,0],"9":[0,0],"10":[0,0],"11":[0,0],"12":[0,0,0],"13":[0,0],"14":[0,0],"15":[0,0],"16":[0,0]}}
,"/Users/gvanginkel/Development/cronkite/src/components/cronk-selector/cronk-selector.tsx": {"path":"/Users/gvanginkel/Development/cronkite/src/components/cronk-selector/cronk-selector.tsx","statementMap":{"0":{"start":{"line":1,"column":0},"end":{"line":1,"column":71}},"1":{"start":{"line":2,"column":0},"end":{"line":2,"column":35}},"2":{"start":{"line":15,"column":11},"end":{"line":15,"column":37}},"3":{"start":{"line":17,"column":11},"end":{"line":17,"column":30}},"4":{"start":{"line":19,"column":10},"end":{"line":19,"column":23}},"5":{"start":{"line":21,"column":10},"end":{"line":21,"column":47}},"6":{"start":{"line":25,"column":46},"end":{"line":28,"column":6}},"7":{"start":{"line":26,"column":6},"end":{"line":26,"column":62}},"8":{"start":{"line":27,"column":6},"end":{"line":27,"column":15}},"9":{"start":{"line":29,"column":4},"end":{"line":45,"column":null}},"10":{"start":{"line":30,"column":6},"end":{"line":30,"column":36}},"11":{"start":{"line":31,"column":6},"end":{"line":34,"column":8}},"12":{"start":{"line":32,"column":57},"end":{"line":32,"column":87}},"13":{"start":{"line":35,"column":21},"end":{"line":42,"column":null}},"14":{"start":{"line":38,"column":10},"end":{"line":41,"column":12}},"15":{"start":{"line":44,"column":6},"end":{"line":44,"column":36}},"16":{"start":{"line":49,"column":4},"end":{"line":49,"column":32}},"17":{"start":{"line":49,"column":25},"end":{"line":49,"column":32}},"18":{"start":{"line":51,"column":15},"end":{"line":51,"column":53}},"19":{"start":{"line":52,"column":4},"end":{"line":55,"column":null}},"20":{"start":{"line":53,"column":6},"end":{"line":53,"column":24}},"21":{"start":{"line":54,"column":6},"end":{"line":54,"column":13}},"22":{"start":{"line":56,"column":22},"end":{"line":62,"column":null}},"23":{"start":{"line":59,"column":8},"end":{"line":61,"column":10}},"24":{"start":{"line":64,"column":4},"end":{"line":64,"column":37}},"25":{"start":{"line":65,"column":4},"end":{"line":65,"column":30}},"26":{"start":{"line":69,"column":15},"end":{"line":69,"column":53}},"27":{"start":{"line":70,"column":20},"end":{"line":70,"column":56}},"28":{"start":{"line":71,"column":30},"end":{"line":71,"column":73}},"29":{"start":{"line":71,"column":64},"end":{"line":71,"column":72}},"30":{"start":{"line":72,"column":28},"end":{"line":72,"column":90}},"31":{"start":{"line":74,"column":4},"end":{"line":77,"column":null}},"32":{"start":{"line":75,"column":6},"end":{"line":75,"column":24}},"33":{"start":{"line":76,"column":6},"end":{"line":76,"column":13}},"34":{"start":{"line":78,"column":4},"end":{"line":78,"column":96}},"35":{"start":{"line":79,"column":4},"end":{"line":79,"column":30}},"36":{"start":{"line":83,"column":27},"end":{"line":85,"column":30}},"37":{"start":{"line":84,"column":33},"end":{"line":84,"column":41}},"38":{"start":{"line":85,"column":24},"end":{"line":85,"column":29}},"39":{"start":{"line":87,"column":4},"end":{"line":87,"column":39}},"40":{"start":{"line":87,"column":32},"end":{"line":87,"column":39}},"41":{"start":{"line":89,"column":22},"end":{"line":94,"column":5}},"42":{"start":{"line":90,"column":6},"end":{"line":92,"column":null}},"43":{"start":{"line":91,"column":8},"end":{"line":91,"column":60}},"44":{"start":{"line":93,"column":6},"end":{"line":93,"column":18}},"45":{"start":{"line":96,"column":4},"end":{"line":98,"column":7}},"46":{"start":{"line":97,"column":6},"end":{"line":97,"column":49}},"47":{"start":{"line":102,"column":4},"end":{"line":102,"column":50}},"48":{"start":{"line":102,"column":38},"end":{"line":102,"column":50}},"49":{"start":{"line":104,"column":27},"end":{"line":104,"column":79}},"50":{"start":{"line":104,"column":75},"end":{"line":104,"column":78}},"51":{"start":{"line":105,"column":4},"end":{"line":164,"column":6}},"52":{"start":{"line":115,"column":45},"end":{"line":115,"column":68}},"53":{"start":{"line":134,"column":49},"end":{"line":134,"column":50}},"54":{"start":{"line":135,"column":35},"end":{"line":135,"column":62}},"55":{"start":{"line":137,"column":16},"end":{"line":159,"column":18}},"56":{"start":{"line":143,"column":51},"end":{"line":143,"column":82}},"57":{"start":{"line":10,"column":0},"end":{"line":10,"column":null}}},"fnMap":{"0":{"name":"(anonymous_1)","decl":{"start":{"line":10,"column":0},"end":{"line":10,"column":null}},"loc":{"start":{"line":10,"column":0},"end":{"line":166,"column":null}}},"1":{"name":"(anonymous_2)","decl":{"start":{"line":24,"column":2},"end":{"line":24,"column":7}},"loc":{"start":{"line":24,"column":24},"end":{"line":46,"column":3}}},"2":{"name":"(anonymous_3)","decl":{"start":{"line":25,"column":84},"end":{"line":25,"column":85}},"loc":{"start":{"line":25,"column":88},"end":{"line":28,"column":5}}},"3":{"name":"(anonymous_4)","decl":{"start":{"line":32,"column":8},"end":{"line":32,"column":9}},"loc":{"start":{"line":32,"column":57},"end":{"line":32,"column":87}}},"4":{"name":"(anonymous_5)","decl":{"start":{"line":37,"column":28},"end":{"line":37,"column":29}},"loc":{"start":{"line":37,"column":61},"end":{"line":42,"column":9}}},"5":{"name":"(anonymous_6)","decl":{"start":{"line":48,"column":2},"end":{"line":48,"column":17}},"loc":{"start":{"line":48,"column":30},"end":{"line":66,"column":3}}},"6":{"name":"(anonymous_7)","decl":{"start":{"line":58,"column":28},"end":{"line":58,"column":29}},"loc":{"start":{"line":58,"column":61},"end":{"line":62,"column":7}}},"7":{"name":"(anonymous_8)","decl":{"start":{"line":68,"column":2},"end":{"line":68,"column":22}},"loc":{"start":{"line":68,"column":66},"end":{"line":80,"column":3}}},"8":{"name":"(anonymous_9)","decl":{"start":{"line":71,"column":45},"end":{"line":71,"column":46}},"loc":{"start":{"line":71,"column":64},"end":{"line":71,"column":72}}},"9":{"name":"(anonymous_10)","decl":{"start":{"line":82,"column":2},"end":{"line":82,"column":20}},"loc":{"start":{"line":82,"column":20},"end":{"line":99,"column":3}}},"10":{"name":"(anonymous_11)","decl":{"start":{"line":84,"column":14},"end":{"line":84,"column":15}},"loc":{"start":{"line":84,"column":33},"end":{"line":84,"column":41}}},"11":{"name":"(anonymous_12)","decl":{"start":{"line":85,"column":11},"end":{"line":85,"column":12}},"loc":{"start":{"line":85,"column":24},"end":{"line":85,"column":29}}},"12":{"name":"(anonymous_13)","decl":{"start":{"line":89,"column":22},"end":{"line":89,"column":23}},"loc":{"start":{"line":89,"column":36},"end":{"line":94,"column":5}}},"13":{"name":"(anonymous_14)","decl":{"start":{"line":96,"column":68},"end":{"line":96,"column":69}},"loc":{"start":{"line":96,"column":84},"end":{"line":98,"column":5}}},"14":{"name":"(anonymous_15)","decl":{"start":{"line":101,"column":2},"end":{"line":101,"column":8}},"loc":{"start":{"line":101,"column":8},"end":{"line":165,"column":3}}},"15":{"name":"(anonymous_16)","decl":{"start":{"line":104,"column":70},"end":{"line":104,"column":71}},"loc":{"start":{"line":104,"column":75},"end":{"line":104,"column":78}}},"16":{"name":"(anonymous_17)","decl":{"start":{"line":115,"column":31},"end":{"line":115,"column":32}},"loc":{"start":{"line":115,"column":45},"end":{"line":115,"column":68}}},"17":{"name":"(anonymous_18)","decl":{"start":{"line":133,"column":33},"end":{"line":133,"column":34}},"loc":{"start":{"line":133,"column":58},"end":{"line":160,"column":15}}},"18":{"name":"(anonymous_19)","decl":{"start":{"line":143,"column":37},"end":{"line":143,"column":38}},"loc":{"start":{"line":143,"column":51},"end":{"line":143,"column":82}}}},"branchMap":{"0":{"loc":{"start":{"line":29,"column":4},"end":{"line":45,"column":null}},"type":"if","locations":[{"start":{"line":29,"column":4},"end":{"line":45,"column":null}},{"start":{"line":29,"column":4},"end":{"line":45,"column":null}}]},"1":{"loc":{"start":{"line":29,"column":8},"end":{"line":29,"column":36}},"type":"binary-expr","locations":[{"start":{"line":29,"column":8},"end":{"line":29,"column":36}},{"start":{"line":29,"column":40},"end":{"line":29,"column":83}}]},"2":{"loc":{"start":{"line":32,"column":69},"end":{"line":32,"column":81}},"type":"binary-expr","locations":[{"start":{"line":32,"column":69},"end":{"line":32,"column":81}},{"start":{"line":32,"column":85},"end":{"line":32,"column":86}}]},"3":{"loc":{"start":{"line":40,"column":69},"end":{"line":40,"column":73}},"type":"cond-expr","locations":[{"start":{"line":40,"column":69},"end":{"line":40,"column":73}},{"start":{"line":40,"column":76},"end":{"line":40,"column":114}}]},"4":{"loc":{"start":{"line":49,"column":4},"end":{"line":49,"column":32}},"type":"if","locations":[{"start":{"line":49,"column":4},"end":{"line":49,"column":32}},{"start":{"line":49,"column":4},"end":{"line":49,"column":32}}]},"5":{"loc":{"start":{"line":52,"column":4},"end":{"line":55,"column":null}},"type":"if","locations":[{"start":{"line":52,"column":4},"end":{"line":55,"column":null}},{"start":{"line":52,"column":4},"end":{"line":55,"column":null}}]},"6":{"loc":{"start":{"line":52,"column":8},"end":{"line":52,"column":10}},"type":"binary-expr","locations":[{"start":{"line":52,"column":8},"end":{"line":52,"column":10}},{"start":{"line":52,"column":14},"end":{"line":52,"column":25}}]},"7":{"loc":{"start":{"line":72,"column":28},"end":{"line":72,"column":58}},"type":"binary-expr","locations":[{"start":{"line":72,"column":28},"end":{"line":72,"column":58}},{"start":{"line":72,"column":62},"end":{"line":72,"column":90}}]},"8":{"loc":{"start":{"line":74,"column":4},"end":{"line":77,"column":null}},"type":"if","locations":[{"start":{"line":74,"column":4},"end":{"line":77,"column":null}},{"start":{"line":74,"column":4},"end":{"line":77,"column":null}}]},"9":{"loc":{"start":{"line":74,"column":8},"end":{"line":74,"column":10}},"type":"binary-expr","locations":[{"start":{"line":74,"column":8},"end":{"line":74,"column":10}},{"start":{"line":74,"column":14},"end":{"line":74,"column":44}},{"start":{"line":74,"column":48},"end":{"line":74,"column":63}}]},"10":{"loc":{"start":{"line":87,"column":4},"end":{"line":87,"column":39}},"type":"if","locations":[{"start":{"line":87,"column":4},"end":{"line":87,"column":39}},{"start":{"line":87,"column":4},"end":{"line":87,"column":39}}]},"11":{"loc":{"start":{"line":90,"column":6},"end":{"line":92,"column":null}},"type":"if","locations":[{"start":{"line":90,"column":6},"end":{"line":92,"column":null}},{"start":{"line":90,"column":6},"end":{"line":92,"column":null}}]},"12":{"loc":{"start":{"line":102,"column":4},"end":{"line":102,"column":50}},"type":"if","locations":[{"start":{"line":102,"column":4},"end":{"line":102,"column":50}},{"start":{"line":102,"column":4},"end":{"line":102,"column":50}}]},"13":{"loc":{"start":{"line":107,"column":24},"end":{"line":107,"column":47}},"type":"cond-expr","locations":[{"start":{"line":107,"column":24},"end":{"line":107,"column":47}},{"start":{"line":107,"column":50},"end":{"line":107,"column":54}}]},"14":{"loc":{"start":{"line":113,"column":19},"end":{"line":113,"column":44}},"type":"binary-expr","locations":[{"start":{"line":113,"column":19},"end":{"line":113,"column":44}},{"start":{"line":114,"column":20},"end":{"line":120,"column":null}}]},"15":{"loc":{"start":{"line":123,"column":77},"end":{"line":123,"column":86}},"type":"cond-expr","locations":[{"start":{"line":123,"column":77},"end":{"line":123,"column":86}},{"start":{"line":123,"column":89},"end":{"line":123,"column":91}}]},"16":{"loc":{"start":{"line":132,"column":13},"end":{"line":132,"column":27}},"type":"binary-expr","locations":[{"start":{"line":132,"column":13},"end":{"line":132,"column":27}},{"start":{"line":133,"column":14},"end":{"line":160,"column":16}}]},"17":{"loc":{"start":{"line":141,"column":25},"end":{"line":141,"column":39}},"type":"binary-expr","locations":[{"start":{"line":141,"column":25},"end":{"line":141,"column":39}},{"start":{"line":141,"column":43},"end":{"line":141,"column":68}},{"start":{"line":142,"column":26},"end":{"line":147,"column":null}}]},"18":{"loc":{"start":{"line":144,"column":37},"end":{"line":144,"column":67}},"type":"binary-expr","locations":[{"start":{"line":144,"column":37},"end":{"line":144,"column":67}},{"start":{"line":144,"column":71},"end":{"line":144,"column":99}}]}},"s":{"0":1,"1":1,"2":3,"3":3,"4":3,"5":3,"6":0,"7":0,"8":0,"9":0,"10":0,"11":0,"12":0,"13":0,"14":0,"15":0,"16":0,"17":0,"18":0,"19":0,"20":0,"21":0,"22":0,"23":0,"24":0,"25":0,"26":0,"27":0,"28":0,"29":0,"30":0,"31":0,"32":0,"33":0,"34":0,"35":0,"36":0,"37":0,"38":0,"39":0,"40":0,"41":0,"42":0,"43":0,"44":0,"45":0,"46":0,"47":2,"48":2,"49":0,"50":0,"51":0,"52":0,"53":0,"54":0,"55":0,"56":0,"57":1},"f":{"0":3,"1":0,"2":0,"3":0,"4":0,"5":0,"6":0,"7":0,"8":0,"9":0,"10":0,"11":0,"12":0,"13":0,"14":2,"15":0,"16":0,"17":0,"18":0},"b":{"0":[0,0],"1":[0,0],"2":[0,0],"3":[0,0],"4":[0,0],"5":[0,0],"6":[0,0],"7":[0,0],"8":[0,0],"9":[0,0,0],"10":[0,0],"11":[0,0],"12":[2,0],"13":[0,0],"14":[0,0],"15":[0,0],"16":[0,0],"17":[0,0,0],"18":[0,0]}}
,"/Users/gvanginkel/Development/cronkite/src/components/cronk-statsbox/cronk-statsbox.tsx": {"path":"/Users/gvanginkel/Development/cronkite/src/components/cronk-statsbox/cronk-statsbox.tsx","statementMap":{"0":{"start":{"line":1,"column":0},"end":{"line":1,"column":57}},"1":{"start":{"line":9,"column":10},"end":{"line":9,"column":61}},"2":{"start":{"line":12,"column":4},"end":{"line":12,"column":52}},"3":{"start":{"line":12,"column":40},"end":{"line":12,"column":52}},"4":{"start":{"line":13,"column":4},"end":{"line":19,"column":6}},"5":{"start":{"line":16,"column":10},"end":{"line":16,"column":58}},"6":{"start":{"line":4,"column":0},"end":{"line":4,"column":null}}},"fnMap":{"0":{"name":"(anonymous_0)","decl":{"start":{"line":4,"column":0},"end":{"line":4,"column":null}},"loc":{"start":{"line":4,"column":0},"end":{"line":21,"column":null}}},"1":{"name":"(anonymous_1)","decl":{"start":{"line":11,"column":2},"end":{"line":11,"column":8}},"loc":{"start":{"line":11,"column":8},"end":{"line":20,"column":3}}},"2":{"name":"(anonymous_2)","decl":{"start":{"line":15,"column":28},"end":{"line":15,"column":32}},"loc":{"start":{"line":16,"column":10},"end":{"line":16,"column":58}}}},"branchMap":{"0":{"loc":{"start":{"line":12,"column":4},"end":{"line":12,"column":52}},"type":"if","locations":[{"start":{"line":12,"column":4},"end":{"line":12,"column":52}},{"start":{"line":12,"column":4},"end":{"line":12,"column":52}}]}},"s":{"0":1,"1":2,"2":1,"3":0,"4":1,"5":0,"6":1},"f":{"0":2,"1":1,"2":0},"b":{"0":[0,1]}}
,"/Users/gvanginkel/Development/cronkite/src/components/cronk-title/cronk-title.tsx": {"path":"/Users/gvanginkel/Development/cronkite/src/components/cronk-title/cronk-title.tsx","statementMap":{"0":{"start":{"line":1,"column":0},"end":{"line":1,"column":57}},"1":{"start":{"line":8,"column":10},"end":{"line":8,"column":27}},"2":{"start":{"line":10,"column":4},"end":{"line":10,"column":73}},"3":{"start":{"line":3,"column":0},"end":{"line":3,"column":null}}},"fnMap":{"0":{"name":"(anonymous_0)","decl":{"start":{"line":3,"column":0},"end":{"line":3,"column":null}},"loc":{"start":{"line":3,"column":0},"end":{"line":12,"column":null}}},"1":{"name":"(anonymous_1)","decl":{"start":{"line":9,"column":2},"end":{"line":9,"column":8}},"loc":{"start":{"line":9,"column":8},"end":{"line":11,"column":3}}}},"branchMap":{"0":{"loc":{"start":{"line":10,"column":19},"end":{"line":10,"column":35}},"type":"binary-expr","locations":[{"start":{"line":10,"column":19},"end":{"line":10,"column":35}},{"start":{"line":10,"column":39},"end":{"line":10,"column":55}},{"start":{"line":10,"column":60},"end":{"line":10,"column":64}}]}},"s":{"0":1,"1":2,"2":1,"3":1},"f":{"0":2,"1":1},"b":{"0":[1,0,1]}}
,"/Users/gvanginkel/Development/cronkite/src/components/cronk-version/cronk-version.tsx": {"path":"/Users/gvanginkel/Development/cronkite/src/components/cronk-version/cronk-version.tsx","statementMap":{"0":{"start":{"line":1,"column":0},"end":{"line":1,"column":51}},"1":{"start":{"line":9,"column":4},"end":{"line":13,"column":6}},"2":{"start":{"line":3,"column":0},"end":{"line":3,"column":null}}},"fnMap":{"0":{"name":"(anonymous_1)","decl":{"start":{"line":8,"column":2},"end":{"line":8,"column":8}},"loc":{"start":{"line":8,"column":8},"end":{"line":14,"column":3}}}},"branchMap":{},"s":{"0":1,"1":1,"2":1},"f":{"0":1},"b":{}}
,"/Users/gvanginkel/Development/cronkite/src/datastreams/interfaces.ts": {"path":"/Users/gvanginkel/Development/cronkite/src/datastreams/interfaces.ts","statementMap":{"0":{"start":{"line":1,"column":0},"end":{"line":1,"column":null}},"1":{"start":{"line":2,"column":2},"end":{"line":2,"column":null}},"2":{"start":{"line":3,"column":2},"end":{"line":3,"column":null}}},"fnMap":{"0":{"name":"(anonymous_0)","decl":{"start":{"line":1,"column":0},"end":{"line":1,"column":12}},"loc":{"start":{"line":1,"column":28},"end":{"line":4,"column":1}}}},"branchMap":{"0":{"loc":{"start":{"line":1,"column":12},"end":{"line":1,"column":28}},"type":"binary-expr","locations":[{"start":{"line":1,"column":12},"end":{"line":1,"column":28}},{"start":{"line":1,"column":12},"end":{"line":1,"column":null}}]}},"s":{"0":1,"1":1,"2":1},"f":{"0":1},"b":{"0":[1,1]}}
,"/Users/gvanginkel/Development/cronkite/src/datastreams/cronk-poll-datastream/cronk-poll-datastream.tsx": {"path":"/Users/gvanginkel/Development/cronkite/src/datastreams/cronk-poll-datastream/cronk-poll-datastream.tsx","statementMap":{"0":{"start":{"line":1,"column":0},"end":{"line":1,"column":74}},"1":{"start":{"line":2,"column":0},"end":{"line":2,"column":43}},"2":{"start":{"line":5,"column":22},"end":{"line":7,"column":2}},"3":{"start":{"line":8,"column":24},"end":{"line":8,"column":41}},"4":{"start":{"line":9,"column":58},"end":{"line":14,"column":2}},"5":{"start":{"line":16,"column":26},"end":{"line":21,"column":2}},"6":{"start":{"line":23,"column":0},"end":{"line":23,"column":null}},"7":{"start":{"line":24,"column":2},"end":{"line":24,"column":null}},"8":{"start":{"line":25,"column":2},"end":{"line":25,"column":null}},"9":{"start":{"line":26,"column":2},"end":{"line":26,"column":null}},"10":{"start":{"line":27,"column":2},"end":{"line":27,"column":null}},"11":{"start":{"line":34,"column":10},"end":{"line":34,"column":34}},"12":{"start":{"line":36,"column":10},"end":{"line":36,"column":69}},"13":{"start":{"line":37,"column":10},"end":{"line":37,"column":32}},"14":{"start":{"line":38,"column":10},"end":{"line":38,"column":23}},"15":{"start":{"line":39,"column":10},"end":{"line":53,"column":4}},"16":{"start":{"line":44,"column":18},"end":{"line":48,"column":6}},"17":{"start":{"line":49,"column":4},"end":{"line":49,"column":38}},"18":{"start":{"line":52,"column":4},"end":{"line":52,"column":36}},"19":{"start":{"line":57,"column":10},"end":{"line":57,"column":24}},"20":{"start":{"line":58,"column":10},"end":{"line":58,"column":47}},"21":{"start":{"line":59,"column":10},"end":{"line":59,"column":36}},"22":{"start":{"line":60,"column":10},"end":{"line":60,"column":71}},"23":{"start":{"line":61,"column":10},"end":{"line":61,"column":33}},"24":{"start":{"line":62,"column":10},"end":{"line":62,"column":54}},"25":{"start":{"line":63,"column":10},"end":{"line":63,"column":37}},"26":{"start":{"line":64,"column":10},"end":{"line":64,"column":32}},"27":{"start":{"line":65,"column":10},"end":{"line":65,"column":25}},"28":{"start":{"line":66,"column":10},"end":{"line":88,"column":4}},"29":{"start":{"line":70,"column":44},"end":{"line":70,"column":55}},"30":{"start":{"line":73,"column":4},"end":{"line":87,"column":7}},"31":{"start":{"line":74,"column":6},"end":{"line":74,"column":72}},"32":{"start":{"line":75,"column":24},"end":{"line":75,"column":68}},"33":{"start":{"line":76,"column":6},"end":{"line":80,"column":null}},"34":{"start":{"line":77,"column":8},"end":{"line":79,"column":10}},"35":{"start":{"line":78,"column":10},"end":{"line":78,"column":60}},"36":{"start":{"line":78,"column":32},"end":{"line":78,"column":45}},"37":{"start":{"line":78,"column":58},"end":{"line":78,"column":59}},"38":{"start":{"line":81,"column":25},"end":{"line":84,"column":7}},"39":{"start":{"line":81,"column":89},"end":{"line":84,"column":7}},"40":{"start":{"line":82,"column":8},"end":{"line":82,"column":87}},"41":{"start":{"line":83,"column":8},"end":{"line":83,"column":51}},"42":{"start":{"line":85,"column":6},"end":{"line":85,"column":90}},"43":{"start":{"line":86,"column":6},"end":{"line":86,"column":41}},"44":{"start":{"line":103,"column":2},"end":{"line":115,"column":4}},"45":{"start":{"line":104,"column":21},"end":{"line":113,"column":6}},"46":{"start":{"line":114,"column":4},"end":{"line":114,"column":20}},"47":{"start":{"line":117,"column":2},"end":{"line":120,"column":4}},"48":{"start":{"line":118,"column":19},"end":{"line":118,"column":34}},"49":{"start":{"line":119,"column":4},"end":{"line":119,"column":41}},"50":{"start":{"line":132,"column":2},"end":{"line":170,"column":4}},"51":{"start":{"line":133,"column":4},"end":{"line":133,"column":44}},"52":{"start":{"line":134,"column":36},"end":{"line":134,"column":40}},"53":{"start":{"line":135,"column":4},"end":{"line":139,"column":null}},"54":{"start":{"line":136,"column":6},"end":{"line":136,"column":50}},"55":{"start":{"line":138,"column":6},"end":{"line":138,"column":60}},"56":{"start":{"line":140,"column":4},"end":{"line":140,"column":26}},"57":{"start":{"line":140,"column":19},"end":{"line":140,"column":26}},"58":{"start":{"line":146,"column":4},"end":{"line":167,"column":null}},"59":{"start":{"line":148,"column":8},"end":{"line":148,"column":40}},"60":{"start":{"line":149,"column":8},"end":{"line":149,"column":14}},"61":{"start":{"line":151,"column":39},"end":{"line":151,"column":60}},"62":{"start":{"line":152,"column":8},"end":{"line":155,"column":40}},"63":{"start":{"line":155,"column":23},"end":{"line":155,"column":38}},"64":{"start":{"line":156,"column":8},"end":{"line":156,"column":14}},"65":{"start":{"line":158,"column":39},"end":{"line":158,"column":60}},"66":{"start":{"line":159,"column":8},"end":{"line":162,"column":41}},"67":{"start":{"line":162,"column":23},"end":{"line":162,"column":39}},"68":{"start":{"line":163,"column":8},"end":{"line":163,"column":14}},"69":{"start":{"line":165,"column":8},"end":{"line":165,"column":40}},"70":{"start":{"line":166,"column":8},"end":{"line":166,"column":14}},"71":{"start":{"line":168,"column":4},"end":{"line":168,"column":34}},"72":{"start":{"line":169,"column":4},"end":{"line":169,"column":34}},"73":{"start":{"line":172,"column":2},"end":{"line":190,"column":4}},"74":{"start":{"line":173,"column":36},"end":{"line":173,"column":40}},"75":{"start":{"line":174,"column":4},"end":{"line":178,"column":null}},"76":{"start":{"line":175,"column":6},"end":{"line":175,"column":51}},"77":{"start":{"line":177,"column":6},"end":{"line":177,"column":61}},"78":{"start":{"line":179,"column":4},"end":{"line":179,"column":26}},"79":{"start":{"line":179,"column":19},"end":{"line":179,"column":26}},"80":{"start":{"line":182,"column":17},"end":{"line":182,"column":51}},"81":{"start":{"line":183,"column":4},"end":{"line":189,"column":null}},"82":{"start":{"line":184,"column":6},"end":{"line":184,"column":29}},"83":{"start":{"line":185,"column":6},"end":{"line":185,"column":23}},"84":{"start":{"line":91,"column":4},"end":{"line":91,"column":24}},"85":{"start":{"line":95,"column":4},"end":{"line":95,"column":35}},"86":{"start":{"line":96,"column":4},"end":{"line":96,"column":46}},"87":{"start":{"line":100,"column":4},"end":{"line":100,"column":88}},"88":{"start":{"line":100,"column":72},"end":{"line":100,"column":86}},"89":{"start":{"line":123,"column":4},"end":{"line":123,"column":22}},"90":{"start":{"line":123,"column":15},"end":{"line":123,"column":22}},"91":{"start":{"line":124,"column":4},"end":{"line":129,"column":7}},"92":{"start":{"line":193,"column":4},"end":{"line":196,"column":null}},"93":{"start":{"line":194,"column":6},"end":{"line":194,"column":71}},"94":{"start":{"line":195,"column":6},"end":{"line":195,"column":28}},"95":{"start":{"line":200,"column":4},"end":{"line":200,"column":35}},"96":{"start":{"line":201,"column":4},"end":{"line":201,"column":32}},"97":{"start":{"line":205,"column":4},"end":{"line":205,"column":22}},"98":{"start":{"line":206,"column":4},"end":{"line":206,"column":35}},"99":{"start":{"line":210,"column":4},"end":{"line":210,"column":26}},"100":{"start":{"line":210,"column":19},"end":{"line":210,"column":26}},"101":{"start":{"line":211,"column":4},"end":{"line":211,"column":32}},"102":{"start":{"line":215,"column":4},"end":{"line":223,"column":6}},"103":{"start":{"line":30,"column":0},"end":{"line":30,"column":null}}},"fnMap":{"0":{"name":"(anonymous_0)","decl":{"start":{"line":23,"column":0},"end":{"line":23,"column":5}},"loc":{"start":{"line":23,"column":19},"end":{"line":28,"column":1}}},"1":{"name":"(anonymous_1)","decl":{"start":{"line":30,"column":0},"end":{"line":30,"column":null}},"loc":{"start":{"line":30,"column":0},"end":{"line":225,"column":null}}},"2":{"name":"(anonymous_2)","decl":{"start":{"line":39,"column":65},"end":{"line":39,"column":70}},"loc":{"start":{"line":43,"column":6},"end":{"line":53,"column":3}}},"3":{"name":"(anonymous_3)","decl":{"start":{"line":66,"column":72},"end":{"line":66,"column":77}},"loc":{"start":{"line":69,"column":6},"end":{"line":88,"column":3}}},"4":{"name":"(anonymous_4)","decl":{"start":{"line":73,"column":21},"end":{"line":73,"column":26}},"loc":{"start":{"line":73,"column":31},"end":{"line":87,"column":5}}},"5":{"name":"(anonymous_5)","decl":{"start":{"line":77,"column":43},"end":{"line":77,"column":44}},"loc":{"start":{"line":78,"column":10},"end":{"line":78,"column":60}}},"6":{"name":"(anonymous_6)","decl":{"start":{"line":78,"column":22},"end":{"line":78,"column":28}},"loc":{"start":{"line":78,"column":32},"end":{"line":78,"column":45}}},"7":{"name":"(anonymous_7)","decl":{"start":{"line":78,"column":53},"end":{"line":78,"column":54}},"loc":{"start":{"line":78,"column":58},"end":{"line":78,"column":59}}},"8":{"name":"(anonymous_8)","decl":{"start":{"line":81,"column":25},"end":{"line":81,"column":26}},"loc":{"start":{"line":81,"column":89},"end":{"line":84,"column":7}}},"9":{"name":"(anonymous_9)","decl":{"start":{"line":81,"column":89},"end":{"line":81,"column":94}},"loc":{"start":{"line":81,"column":100},"end":{"line":84,"column":7}}},"10":{"name":"(anonymous_10)","decl":{"start":{"line":103,"column":19},"end":{"line":103,"column":24}},"loc":{"start":{"line":103,"column":63},"end":{"line":115,"column":3}}},"11":{"name":"(anonymous_11)","decl":{"start":{"line":117,"column":19},"end":{"line":117,"column":20}},"loc":{"start":{"line":117,"column":42},"end":{"line":120,"column":3}}},"12":{"name":"(anonymous_12)","decl":{"start":{"line":132,"column":14},"end":{"line":132,"column":19}},"loc":{"start":{"line":132,"column":25},"end":{"line":170,"column":3}}},"13":{"name":"(anonymous_13)","decl":{"start":{"line":155,"column":15},"end":{"line":155,"column":19}},"loc":{"start":{"line":155,"column":23},"end":{"line":155,"column":38}}},"14":{"name":"(anonymous_14)","decl":{"start":{"line":162,"column":15},"end":{"line":162,"column":19}},"loc":{"start":{"line":162,"column":23},"end":{"line":162,"column":39}}},"15":{"name":"(anonymous_15)","decl":{"start":{"line":172,"column":13},"end":{"line":172,"column":18}},"loc":{"start":{"line":172,"column":24},"end":{"line":190,"column":3}}},"16":{"name":"(anonymous_16)","decl":{"start":{"line":90,"column":12},"end":{"line":90,"column":17}},"loc":{"start":{"line":90,"column":29},"end":{"line":92,"column":3}}},"17":{"name":"(anonymous_17)","decl":{"start":{"line":94,"column":12},"end":{"line":94,"column":17}},"loc":{"start":{"line":94,"column":66},"end":{"line":97,"column":3}}},"18":{"name":"(anonymous_18)","decl":{"start":{"line":99,"column":12},"end":{"line":99,"column":17}},"loc":{"start":{"line":99,"column":33},"end":{"line":101,"column":3}}},"19":{"name":"(anonymous_19)","decl":{"start":{"line":100,"column":49},"end":{"line":100,"column":50}},"loc":{"start":{"line":100,"column":72},"end":{"line":100,"column":86}}},"20":{"name":"(anonymous_20)","decl":{"start":{"line":122,"column":2},"end":{"line":122,"column":7}},"loc":{"start":{"line":122,"column":27},"end":{"line":130,"column":3}}},"21":{"name":"(anonymous_21)","decl":{"start":{"line":192,"column":2},"end":{"line":192,"column":7}},"loc":{"start":{"line":192,"column":22},"end":{"line":197,"column":3}}},"22":{"name":"(anonymous_22)","decl":{"start":{"line":199,"column":2},"end":{"line":199,"column":7}},"loc":{"start":{"line":199,"column":27},"end":{"line":202,"column":3}}},"23":{"name":"(anonymous_23)","decl":{"start":{"line":204,"column":2},"end":{"line":204,"column":20}},"loc":{"start":{"line":204,"column":20},"end":{"line":207,"column":3}}},"24":{"name":"(anonymous_24)","decl":{"start":{"line":209,"column":2},"end":{"line":209,"column":7}},"loc":{"start":{"line":209,"column":24},"end":{"line":212,"column":3}}},"25":{"name":"(anonymous_25)","decl":{"start":{"line":214,"column":2},"end":{"line":214,"column":8}},"loc":{"start":{"line":214,"column":8},"end":{"line":224,"column":3}}}},"branchMap":{"0":{"loc":{"start":{"line":23,"column":5},"end":{"line":23,"column":19}},"type":"binary-expr","locations":[{"start":{"line":23,"column":5},"end":{"line":23,"column":19}},{"start":{"line":23,"column":5},"end":{"line":23,"column":null}}]},"1":{"loc":{"start":{"line":44,"column":34},"end":{"line":44,"column":43}},"type":"binary-expr","locations":[{"start":{"line":44,"column":34},"end":{"line":44,"column":43}},{"start":{"line":44,"column":47},"end":{"line":44,"column":62}}]},"2":{"loc":{"start":{"line":74,"column":46},"end":{"line":74,"column":53}},"type":"binary-expr","locations":[{"start":{"line":74,"column":46},"end":{"line":74,"column":53}},{"start":{"line":74,"column":57},"end":{"line":74,"column":70}}]},"3":{"loc":{"start":{"line":75,"column":51},"end":{"line":75,"column":61}},"type":"cond-expr","locations":[{"start":{"line":75,"column":51},"end":{"line":75,"column":61}},{"start":{"line":75,"column":64},"end":{"line":75,"column":68}}]},"4":{"loc":{"start":{"line":76,"column":6},"end":{"line":80,"column":null}},"type":"if","locations":[{"start":{"line":76,"column":6},"end":{"line":80,"column":null}},{"start":{"line":76,"column":6},"end":{"line":80,"column":null}}]},"5":{"loc":{"start":{"line":76,"column":10},"end":{"line":76,"column":19}},"type":"binary-expr","locations":[{"start":{"line":76,"column":10},"end":{"line":76,"column":19}},{"start":{"line":76,"column":23},"end":{"line":76,"column":37}},{"start":{"line":76,"column":41},"end":{"line":76,"column":68}}]},"6":{"loc":{"start":{"line":119,"column":11},"end":{"line":119,"column":24}},"type":"binary-expr","locations":[{"start":{"line":119,"column":11},"end":{"line":119,"column":24}},{"start":{"line":119,"column":28},"end":{"line":119,"column":40}}]},"7":{"loc":{"start":{"line":140,"column":4},"end":{"line":140,"column":26}},"type":"if","locations":[{"start":{"line":140,"column":4},"end":{"line":140,"column":26}},{"start":{"line":140,"column":4},"end":{"line":140,"column":26}}]},"8":{"loc":{"start":{"line":147,"column":6},"end":{"line":149,"column":14}},"type":"switch","locations":[{"start":{"line":147,"column":6},"end":{"line":149,"column":14}},{"start":{"line":150,"column":6},"end":{"line":156,"column":14}},{"start":{"line":157,"column":6},"end":{"line":163,"column":14}},{"start":{"line":164,"column":6},"end":{"line":166,"column":14}}]},"9":{"loc":{"start":{"line":179,"column":4},"end":{"line":179,"column":26}},"type":"if","locations":[{"start":{"line":179,"column":4},"end":{"line":179,"column":26}},{"start":{"line":179,"column":4},"end":{"line":179,"column":26}}]},"10":{"loc":{"start":{"line":182,"column":17},"end":{"line":182,"column":45}},"type":"binary-expr","locations":[{"start":{"line":182,"column":17},"end":{"line":182,"column":45}},{"start":{"line":182,"column":49},"end":{"line":182,"column":51}}]},"11":{"loc":{"start":{"line":183,"column":4},"end":{"line":189,"column":null}},"type":"if","locations":[{"start":{"line":183,"column":4},"end":{"line":189,"column":null}},{"start":{"line":183,"column":4},"end":{"line":189,"column":null}}]},"12":{"loc":{"start":{"line":123,"column":4},"end":{"line":123,"column":22}},"type":"if","locations":[{"start":{"line":123,"column":4},"end":{"line":123,"column":22}},{"start":{"line":123,"column":4},"end":{"line":123,"column":22}}]},"13":{"loc":{"start":{"line":193,"column":4},"end":{"line":196,"column":null}},"type":"if","locations":[{"start":{"line":193,"column":4},"end":{"line":196,"column":null}},{"start":{"line":193,"column":4},"end":{"line":196,"column":null}}]},"14":{"loc":{"start":{"line":210,"column":4},"end":{"line":210,"column":26}},"type":"if","locations":[{"start":{"line":210,"column":4},"end":{"line":210,"column":26}},{"start":{"line":210,"column":4},"end":{"line":210,"column":26}}]}},"s":{"0":1,"1":1,"2":1,"3":1,"4":1,"5":1,"6":1,"7":1,"8":1,"9":1,"10":1,"11":3,"12":3,"13":3,"14":3,"15":3,"16":0,"17":0,"18":0,"19":3,"20":3,"21":3,"22":3,"23":3,"24":3,"25":3,"26":3,"27":3,"28":3,"29":0,"30":0,"31":0,"32":0,"33":0,"34":0,"35":0,"36":0,"37":0,"38":0,"39":0,"40":0,"41":0,"42":0,"43":0,"44":3,"45":0,"46":0,"47":3,"48":0,"49":0,"50":3,"51":0,"52":0,"53":0,"54":0,"55":0,"56":0,"57":0,"58":0,"59":0,"60":0,"61":0,"62":0,"63":0,"64":0,"65":0,"66":0,"67":0,"68":0,"69":0,"70":0,"71":0,"72":0,"73":3,"74":0,"75":0,"76":0,"77":0,"78":0,"79":0,"80":0,"81":0,"82":0,"83":0,"84":0,"85":0,"86":0,"87":0,"88":0,"89":0,"90":0,"91":0,"92":0,"93":0,"94":0,"95":0,"96":0,"97":0,"98":0,"99":2,"100":2,"101":0,"102":2,"103":1},"f":{"0":1,"1":3,"2":0,"3":0,"4":0,"5":0,"6":0,"7":0,"8":0,"9":0,"10":0,"11":0,"12":0,"13":0,"14":0,"15":0,"16":0,"17":0,"18":0,"19":0,"20":0,"21":0,"22":0,"23":0,"24":2,"25":2},"b":{"0":[1,1],"1":[0,0],"2":[0,0],"3":[0,0],"4":[0,0],"5":[0,0,0],"6":[0,0],"7":[0,0],"8":[0,0,0,0],"9":[0,0],"10":[0,0],"11":[0,0],"12":[0,0],"13":[0,0],"14":[2,0]}}
,"/Users/gvanginkel/Development/cronkite/src/datastreams/epi-instance-datastream/epi-instance-datastream.tsx": {"path":"/Users/gvanginkel/Development/cronkite/src/datastreams/epi-instance-datastream/epi-instance-datastream.tsx","statementMap":{"0":{"start":{"line":1,"column":0},"end":{"line":1,"column":60}},"1":{"start":{"line":2,"column":0},"end":{"line":2,"column":49}},"2":{"start":{"line":3,"column":0},"end":{"line":3,"column":50}},"3":{"start":{"line":11,"column":10},"end":{"line":11,"column":27}},"4":{"start":{"line":14,"column":10},"end":{"line":14,"column":39}},"5":{"start":{"line":15,"column":10},"end":{"line":15,"column":54}},"6":{"start":{"line":16,"column":10},"end":{"line":16,"column":37}},"7":{"start":{"line":17,"column":10},"end":{"line":17,"column":32}},"8":{"start":{"line":20,"column":4},"end":{"line":27,"column":null}},"9":{"start":{"line":22,"column":8},"end":{"line":22,"column":42}},"10":{"start":{"line":24,"column":8},"end":{"line":24,"column":39}},"11":{"start":{"line":26,"column":8},"end":{"line":26,"column":40}},"12":{"start":{"line":31,"column":25},"end":{"line":31,"column":50}},"13":{"start":{"line":32,"column":4},"end":{"line":39,"column":null}},"14":{"start":{"line":34,"column":8},"end":{"line":34,"column":59}},"15":{"start":{"line":36,"column":8},"end":{"line":36,"column":70}},"16":{"start":{"line":38,"column":8},"end":{"line":38,"column":53}},"17":{"start":{"line":43,"column":4},"end":{"line":43,"column":77}},"18":{"start":{"line":43,"column":65},"end":{"line":43,"column":77}},"19":{"start":{"line":44,"column":16},"end":{"line":44,"column":108}},"20":{"start":{"line":46,"column":4},"end":{"line":58,"column":6}},"21":{"start":{"line":5,"column":0},"end":{"line":5,"column":null}}},"fnMap":{"0":{"name":"(anonymous_2)","decl":{"start":{"line":5,"column":0},"end":{"line":5,"column":null}},"loc":{"start":{"line":5,"column":0},"end":{"line":60,"column":null}}},"1":{"name":"(anonymous_3)","decl":{"start":{"line":19,"column":2},"end":{"line":19,"column":20}},"loc":{"start":{"line":19,"column":20},"end":{"line":28,"column":3}}},"2":{"name":"(anonymous_4)","decl":{"start":{"line":30,"column":2},"end":{"line":30,"column":27}},"loc":{"start":{"line":30,"column":27},"end":{"line":40,"column":3}}},"3":{"name":"(anonymous_5)","decl":{"start":{"line":42,"column":2},"end":{"line":42,"column":8}},"loc":{"start":{"line":42,"column":8},"end":{"line":59,"column":3}}}},"branchMap":{"0":{"loc":{"start":{"line":21,"column":6},"end":{"line":22,"column":42}},"type":"switch","locations":[{"start":{"line":21,"column":6},"end":{"line":22,"column":42}},{"start":{"line":23,"column":6},"end":{"line":24,"column":39}},{"start":{"line":25,"column":6},"end":{"line":26,"column":40}}]},"1":{"loc":{"start":{"line":33,"column":6},"end":{"line":34,"column":59}},"type":"switch","locations":[{"start":{"line":33,"column":6},"end":{"line":34,"column":59}},{"start":{"line":35,"column":6},"end":{"line":36,"column":70}},{"start":{"line":37,"column":6},"end":{"line":38,"column":53}}]},"2":{"loc":{"start":{"line":43,"column":4},"end":{"line":43,"column":77}},"type":"if","locations":[{"start":{"line":43,"column":4},"end":{"line":43,"column":77}},{"start":{"line":43,"column":4},"end":{"line":43,"column":77}}]},"3":{"loc":{"start":{"line":43,"column":8},"end":{"line":43,"column":18}},"type":"binary-expr","locations":[{"start":{"line":43,"column":8},"end":{"line":43,"column":18}},{"start":{"line":43,"column":22},"end":{"line":43,"column":35}},{"start":{"line":43,"column":39},"end":{"line":43,"column":63}}]}},"s":{"0":1,"1":1,"2":1,"3":1,"4":1,"5":1,"6":1,"7":1,"8":0,"9":0,"10":0,"11":0,"12":0,"13":0,"14":0,"15":0,"16":0,"17":1,"18":1,"19":0,"20":0,"21":1},"f":{"0":1,"1":0,"2":0,"3":1},"b":{"0":[0,0,0],"1":[0,0,0],"2":[1,0],"3":[1,1,0]}}
,"/Users/gvanginkel/Development/cronkite/src/datastreams/epi-instance-datastream/responseHandlers/index.ts": {"path":"/Users/gvanginkel/Development/cronkite/src/datastreams/epi-instance-datastream/responseHandlers/index.ts","statementMap":{"0":{"start":{"line":3,"column":25},"end":{"line":8,"column":1}},"1":{"start":{"line":4,"column":2},"end":{"line":7,"column":33}},"2":{"start":{"line":10,"column":13},"end":{"line":57,"column":2}},"3":{"start":{"line":10,"column":105},"end":{"line":57,"column":1}},"4":{"start":{"line":14,"column":22},"end":{"line":24,"column":4}},"5":{"start":{"line":15,"column":4},"end":{"line":23,"column":6}},"6":{"start":{"line":18,"column":23},"end":{"line":18,"column":29}},"7":{"start":{"line":19,"column":8},"end":{"line":21,"column":10}},"8":{"start":{"line":26,"column":2},"end":{"line":30,"column":null}},"9":{"start":{"line":27,"column":4},"end":{"line":29,"column":6}},"10":{"start":{"line":28,"column":6},"end":{"line":28,"column":56}},"11":{"start":{"line":28,"column":28},"end":{"line":28,"column":41}},"12":{"start":{"line":28,"column":54},"end":{"line":28,"column":55}},"13":{"start":{"line":32,"column":17},"end":{"line":40,"column":null}},"14":{"start":{"line":34,"column":26},"end":{"line":34,"column":31}},"15":{"start":{"line":35,"column":6},"end":{"line":37,"column":null}},"16":{"start":{"line":43,"column":2},"end":{"line":45,"column":5}},"17":{"start":{"line":47,"column":2},"end":{"line":53,"column":5}},"18":{"start":{"line":49,"column":66},"end":{"line":52,"column":6}},"19":{"start":{"line":55,"column":2},"end":{"line":55,"column":23}},"20":{"start":{"line":56,"column":2},"end":{"line":56,"column":18}},"21":{"start":{"line":59,"column":13},"end":{"line":100,"column":2}},"22":{"start":{"line":61,"column":49},"end":{"line":100,"column":1}},"23":{"start":{"line":65,"column":22},"end":{"line":67,"column":4}},"24":{"start":{"line":66,"column":4},"end":{"line":66,"column":109}},"25":{"start":{"line":66,"column":83},"end":{"line":66,"column":105}},"26":{"start":{"line":69,"column":2},"end":{"line":73,"column":null}},"27":{"start":{"line":70,"column":4},"end":{"line":72,"column":6}},"28":{"start":{"line":71,"column":6},"end":{"line":71,"column":56}},"29":{"start":{"line":71,"column":28},"end":{"line":71,"column":41}},"30":{"start":{"line":71,"column":54},"end":{"line":71,"column":55}},"31":{"start":{"line":75,"column":17},"end":{"line":83,"column":null}},"32":{"start":{"line":77,"column":26},"end":{"line":77,"column":31}},"33":{"start":{"line":78,"column":6},"end":{"line":80,"column":null}},"34":{"start":{"line":86,"column":2},"end":{"line":88,"column":5}},"35":{"start":{"line":90,"column":2},"end":{"line":96,"column":5}},"36":{"start":{"line":92,"column":66},"end":{"line":95,"column":6}},"37":{"start":{"line":98,"column":2},"end":{"line":98,"column":23}},"38":{"start":{"line":99,"column":2},"end":{"line":99,"column":18}},"39":{"start":{"line":102,"column":13},"end":{"line":121,"column":2}},"40":{"start":{"line":102,"column":99},"end":{"line":121,"column":1}},"41":{"start":{"line":106,"column":22},"end":{"line":108,"column":4}},"42":{"start":{"line":107,"column":4},"end":{"line":107,"column":109}},"43":{"start":{"line":107,"column":83},"end":{"line":107,"column":105}},"44":{"start":{"line":110,"column":2},"end":{"line":114,"column":null}},"45":{"start":{"line":111,"column":4},"end":{"line":113,"column":6}},"46":{"start":{"line":112,"column":6},"end":{"line":112,"column":56}},"47":{"start":{"line":112,"column":28},"end":{"line":112,"column":41}},"48":{"start":{"line":112,"column":54},"end":{"line":112,"column":55}},"49":{"start":{"line":116,"column":2},"end":{"line":118,"column":5}},"50":{"start":{"line":120,"column":2},"end":{"line":120,"column":23}},"51":{"start":{"line":123,"column":0},"end":{"line":132,"column":2}}},"fnMap":{"0":{"name":"(anonymous_0)","decl":{"start":{"line":3,"column":25},"end":{"line":3,"column":26}},"loc":{"start":{"line":3,"column":53},"end":{"line":8,"column":1}}},"1":{"name":"(anonymous_1)","decl":{"start":{"line":10,"column":38},"end":{"line":10,"column":39}},"loc":{"start":{"line":10,"column":105},"end":{"line":57,"column":1}}},"2":{"name":"(anonymous_2)","decl":{"start":{"line":10,"column":105},"end":{"line":10,"column":110}},"loc":{"start":{"line":13,"column":4},"end":{"line":57,"column":1}}},"3":{"name":"(anonymous_3)","decl":{"start":{"line":14,"column":31},"end":{"line":14,"column":32}},"loc":{"start":{"line":14,"column":71},"end":{"line":24,"column":3}}},"4":{"name":"(anonymous_4)","decl":{"start":{"line":17,"column":23},"end":{"line":17,"column":24}},"loc":{"start":{"line":17,"column":55},"end":{"line":22,"column":7}}},"5":{"name":"(anonymous_5)","decl":{"start":{"line":27,"column":41},"end":{"line":27,"column":42}},"loc":{"start":{"line":28,"column":6},"end":{"line":28,"column":56}}},"6":{"name":"(anonymous_6)","decl":{"start":{"line":28,"column":18},"end":{"line":28,"column":24}},"loc":{"start":{"line":28,"column":28},"end":{"line":28,"column":41}}},"7":{"name":"(anonymous_7)","decl":{"start":{"line":28,"column":49},"end":{"line":28,"column":50}},"loc":{"start":{"line":28,"column":54},"end":{"line":28,"column":55}}},"8":{"name":"(anonymous_8)","decl":{"start":{"line":33,"column":4},"end":{"line":33,"column":5}},"loc":{"start":{"line":33,"column":91},"end":{"line":39,"column":5}}},"9":{"name":"(anonymous_9)","decl":{"start":{"line":49,"column":43},"end":{"line":49,"column":44}},"loc":{"start":{"line":49,"column":66},"end":{"line":52,"column":6}}},"10":{"name":"(anonymous_10)","decl":{"start":{"line":59,"column":49},"end":{"line":59,"column":null}},"loc":{"start":{"line":61,"column":49},"end":{"line":100,"column":1}}},"11":{"name":"(anonymous_11)","decl":{"start":{"line":61,"column":49},"end":{"line":61,"column":54}},"loc":{"start":{"line":64,"column":4},"end":{"line":100,"column":1}}},"12":{"name":"(anonymous_12)","decl":{"start":{"line":65,"column":31},"end":{"line":65,"column":32}},"loc":{"start":{"line":65,"column":71},"end":{"line":67,"column":3}}},"13":{"name":"(anonymous_13)","decl":{"start":{"line":66,"column":49},"end":{"line":66,"column":50}},"loc":{"start":{"line":66,"column":83},"end":{"line":66,"column":105}}},"14":{"name":"(anonymous_14)","decl":{"start":{"line":70,"column":41},"end":{"line":70,"column":42}},"loc":{"start":{"line":71,"column":6},"end":{"line":71,"column":56}}},"15":{"name":"(anonymous_15)","decl":{"start":{"line":71,"column":18},"end":{"line":71,"column":24}},"loc":{"start":{"line":71,"column":28},"end":{"line":71,"column":41}}},"16":{"name":"(anonymous_16)","decl":{"start":{"line":71,"column":49},"end":{"line":71,"column":50}},"loc":{"start":{"line":71,"column":54},"end":{"line":71,"column":55}}},"17":{"name":"(anonymous_17)","decl":{"start":{"line":76,"column":4},"end":{"line":76,"column":5}},"loc":{"start":{"line":76,"column":91},"end":{"line":82,"column":5}}},"18":{"name":"(anonymous_18)","decl":{"start":{"line":92,"column":43},"end":{"line":92,"column":44}},"loc":{"start":{"line":92,"column":66},"end":{"line":95,"column":6}}},"19":{"name":"(anonymous_19)","decl":{"start":{"line":102,"column":32},"end":{"line":102,"column":33}},"loc":{"start":{"line":102,"column":99},"end":{"line":121,"column":1}}},"20":{"name":"(anonymous_20)","decl":{"start":{"line":102,"column":99},"end":{"line":102,"column":104}},"loc":{"start":{"line":105,"column":4},"end":{"line":121,"column":1}}},"21":{"name":"(anonymous_21)","decl":{"start":{"line":106,"column":31},"end":{"line":106,"column":32}},"loc":{"start":{"line":106,"column":71},"end":{"line":108,"column":3}}},"22":{"name":"(anonymous_22)","decl":{"start":{"line":107,"column":49},"end":{"line":107,"column":50}},"loc":{"start":{"line":107,"column":83},"end":{"line":107,"column":105}}},"23":{"name":"(anonymous_23)","decl":{"start":{"line":111,"column":41},"end":{"line":111,"column":42}},"loc":{"start":{"line":112,"column":6},"end":{"line":112,"column":56}}},"24":{"name":"(anonymous_24)","decl":{"start":{"line":112,"column":18},"end":{"line":112,"column":24}},"loc":{"start":{"line":112,"column":28},"end":{"line":112,"column":41}}},"25":{"name":"(anonymous_25)","decl":{"start":{"line":112,"column":49},"end":{"line":112,"column":50}},"loc":{"start":{"line":112,"column":54},"end":{"line":112,"column":55}}}},"branchMap":{"0":{"loc":{"start":{"line":20,"column":43},"end":{"line":20,"column":69}},"type":"cond-expr","locations":[{"start":{"line":20,"column":43},"end":{"line":20,"column":69}},{"start":{"line":20,"column":72},"end":{"line":20,"column":80}}]},"1":{"loc":{"start":{"line":26,"column":2},"end":{"line":30,"column":null}},"type":"if","locations":[{"start":{"line":26,"column":2},"end":{"line":30,"column":null}},{"start":{"line":26,"column":2},"end":{"line":30,"column":null}}]},"2":{"loc":{"start":{"line":37,"column":46},"end":{"line":37,"column":82}},"type":"cond-expr","locations":[{"start":{"line":37,"column":46},"end":{"line":37,"column":82}},{"start":{"line":37,"column":85},"end":{"line":37,"column":92}}]},"3":{"loc":{"start":{"line":69,"column
[...]
:8},"end":{"line":1248,"column":null}},{"start":{"line":1231,"column":8},"end":{"line":1248,"column":null}}]},"149":{"loc":{"start":{"line":1233,"column":15},"end":{"line":1248,"column":null}},"type":"if","locations":[{"start":{"line":1233,"column":15},"end":{"line":1248,"column":null}},{"start":{"line":1233,"column":15},"end":{"line":1248,"column":null}}]},"150":{"loc":{"start":{"line":1235,"column":10},"end":{"line":1239,"column":null}},"type":"if","locations":[{"start":{"line":1235,"column":10},"end":{"line":1239,"column":null}},{"start":{"line":1235,"column":10},"end":{"line":1239,"column":null}}]},"151":{"loc":{"start":{"line":1237,"column":17},"end":{"line":1239,"column":null}},"type":"if","locations":[{"start":{"line":1237,"column":17},"end":{"line":1239,"column":null}},{"start":{"line":1237,"column":17},"end":{"line":1239,"column":null}}]},"152":{"loc":{"start":{"line":1242,"column":12},"end":{"line":1245,"column":null}},"type":"if","locations":[{"start":{"line":1242,"column":12},"end":{"line":1245,"column":null}},{"start":{"line":1242,"column":12},"end":{"line":1245,"column":null}}]},"153":{"loc":{"start":{"line":1242,"column":16},"end":{"line":1242,"column":38}},"type":"binary-expr","locations":[{"start":{"line":1242,"column":16},"end":{"line":1242,"column":38}},{"start":{"line":1242,"column":42},"end":{"line":1242,"column":63}},{"start":{"line":1242,"column":67},"end":{"line":1243,"column":45}}]},"154":{"loc":{"start":{"line":1256,"column":8},"end":{"line":1257,"column":29}},"type":"switch","locations":[{"start":{"line":1256,"column":8},"end":{"line":1257,"column":29}},{"start":{"line":1258,"column":8},"end":{"line":1259,"column":29}},{"start":{"line":1260,"column":8},"end":{"line":1261,"column":28}},{"start":{"line":1262,"column":8},"end":{"line":1263,"column":30}},{"start":{"line":1264,"column":8},"end":{"line":1265,"column":27}},{"start":{"line":1266,"column":8},"end":{"line":1271,"column":null}},{"start":{"line":1272,"column":8},"end":{"line":1273,"column":17}}]},"155":{"loc":{"start":{"line":1267,"column":10},"end":{"line":1271,"column":null}},"type":"if","locations":[{"start":{"line":1267,"column":10},"end":{"line":1271,"column":null}},{"start":{"line":1267,"column":10},"end":{"line":1271,"column":null}}]},"156":{"loc":{"start":{"line":1289,"column":6},"end":{"line":1300,"column":null}},"type":"if","locations":[{"start":{"line":1289,"column":6},"end":{"line":1300,"column":null}},{"start":{"line":1289,"column":6},"end":{"line":1300,"column":null}}]},"157":{"loc":{"start":{"line":1329,"column":6},"end":{"line":1333,"column":null}},"type":"if","locations":[{"start":{"line":1329,"column":6},"end":{"line":1333,"column":null}},{"start":{"line":1329,"column":6},"end":{"line":1333,"column":null}}]},"158":{"loc":{"start":{"line":1337,"column":6},"end":{"line":1337,"column":40}},"type":"if","locations":[{"start":{"line":1337,"column":6},"end":{"line":1337,"column":40}},{"start":{"line":1337,"column":6},"end":{"line":1337,"column":40}}]},"159":{"loc":{"start":{"line":1360,"column":6},"end":{"line":1376,"column":null}},"type":"if","locations":[{"start":{"line":1360,"column":6},"end":{"line":1376,"column":null}},{"start":{"line":1360,"column":6},"end":{"line":1376,"column":null}}]},"160":{"loc":{"start":{"line":1362,"column":8},"end":{"line":1373,"column":null}},"type":"if","locations":[{"start":{"line":1362,"column":8},"end":{"line":1373,"column":null}},{"start":{"line":1362,"column":8},"end":{"line":1373,"column":null}}]},"161":{"loc":{"start":{"line":1368,"column":12},"end":{"line":1370,"column":null}},"type":"if","locations":[{"start":{"line":1368,"column":12},"end":{"line":1370,"column":null}},{"start":{"line":1368,"column":12},"end":{"line":1370,"column":null}}]},"162":{"loc":{"start":{"line":1380,"column":6},"end":{"line":1396,"column":null}},"type":"if","locations":[{"start":{"line":1380,"column":6},"end":{"line":1396,"column":null}},{"start":{"line":1380,"column":6},"end":{"line":1396,"column":null}}]},"163":{"loc":{"start":{"line":1382,"column":8},"end":{"line":1393,"column":null}},"type":"if","locations":[{"start":{"line":1382,"column":8},"end":{"line":1393,"column":null}},{"start":{"line":1382,"column":8},"end":{"line":1393,"column":null}}]},"164":{"loc":{"start":{"line":1388,"column":12},"end":{"line":1390,"column":null}},"type":"if","locations":[{"start":{"line":1388,"column":12},"end":{"line":1390,"column":null}},{"start":{"line":1388,"column":12},"end":{"line":1390,"column":null}}]},"165":{"loc":{"start":{"line":1410,"column":8},"end":{"line":1411,"column":26}},"type":"switch","locations":[{"start":{"line":1410,"column":8},"end":{"line":1411,"column":26}},{"start":{"line":1412,"column":8},"end":{"line":1413,"column":26}},{"start":{"line":1414,"column":8},"end":{"line":1415,"column":25}},{"start":{"line":1416,"column":8},"end":{"line":1417,"column":26}},{"start":{"line":1418,"column":8},"end":{"line":1419,"column":27}},{"start":{"line":1420,"column":8},"end":{"line":1421,"column":26}},{"start":{"line":1422,"column":8},"end":{"line":1423,"column":24}},{"start":{"line":1424,"column":8},"end":{"line":1425,"column":17}}]},"166":{"loc":{"start":{"line":1450,"column":6},"end":{"line":1454,"column":null}},"type":"if","locations":[{"start":{"line":1450,"column":6},"end":{"line":1454,"column":null}},{"start":{"line":1450,"column":6},"end":{"line":1454,"column":null}}]},"167":{"loc":{"start":{"line":1458,"column":6},"end":{"line":1462,"column":null}},"type":"if","locations":[{"start":{"line":1458,"column":6},"end":{"line":1462,"column":null}},{"start":{"line":1458,"column":6},"end":{"line":1462,"column":null}}]},"168":{"loc":{"start":{"line":1468,"column":6},"end":{"line":1475,"column":null}},"type":"if","locations":[{"start":{"line":1468,"column":6},"end":{"line":1475,"column":null}},{"start":{"line":1468,"column":6},"end":{"line":1475,"column":null}}]},"169":{"loc":{"start":{"line":1470,"column":13},"end":{"line":1475,"column":null}},"type":"if","locations":[{"start":{"line":1470,"column":13},"end":{"line":1475,"column":null}},{"start":{"line":1470,"column":13},"end":{"line":1475,"column":null}}]},"170":{"loc":{"start":{"line":1472,"column":8},"end":{"line":1474,"column":null}},"type":"if","locations":[{"start":{"line":1472,"column":8},"end":{"line":1474,"column":null}},{"start":{"line":1472,"column":8},"end":{"line":1474,"column":null}}]},"171":{"loc":{"start":{"line":1481,"column":8},"end":{"line":1483,"column":null}},"type":"if","locations":[{"start":{"line":1481,"column":8},"end":{"line":1483,"column":null}},{"start":{"line":1481,"column":8},"end":{"line":1483,"column":null}}]},"172":{"loc":{"start":{"line":1495,"column":6},"end":{"line":1495,"column":40}},"type":"if","locations":[{"start":{"line":1495,"column":6},"end":{"line":1495,"column":40}},{"start":{"line":1495,"column":6},"end":{"line":1495,"column":40}}]},"173":{"loc":{"start":{"line":1497,"column":6},"end":{"line":1499,"column":null}},"type":"if","locations":[{"start":{"line":1497,"column":6},"end":{"line":1499,"column":null}},{"start":{"line":1497,"column":6},"end":{"line":1499,"column":null}}]},"174":{"loc":{"start":{"line":1504,"column":6},"end":{"line":1506,"column":null}},"type":"if","locations":[{"start":{"line":1504,"column":6},"end":{"line":1506,"column":null}},{"start":{"line":1504,"column":6},"end":{"line":1506,"column":null}}]},"175":{"loc":{"start":{"line":1504,"column":10},"end":{"line":1504,"column":36}},"type":"binary-expr","locations":[{"start":{"line":1504,"column":10},"end":{"line":1504,"column":36}},{"start":{"line":1504,"column":40},"end":{"line":1504,"column":92}}]},"176":{"loc":{"start":{"line":1515,"column":8},"end":{"line":1523,"column":null}},"type":"if","locations":[{"start":{"line":1515,"column":8},"end":{"line":1523,"column":null}},{"start":{"line":1515,"column":8},"end":{"line":1523,"column":null}}]},"177":{"loc":{"start":{"line":1519,"column":15},"end":{"line":1523,"column":null}},"type":"if","locations":[{"start":{"line":1519,"column":15},"end":{"line":1523,"column":null}},{"start":{"line":1519,"column":15},"end":{"line":1523,"column":null}}]},"178":{"loc":{"start":{"line":1524,"column":8},"end":{"line":1530,"column":null}},"type":"if","locations":[{"start":{"line":1524,"column":8},"end":{"line":1530,"column":null}},{"start":{"line":1524,"column":8},"end":{"line":1530,"column":null}}]},"179":{"loc":{"start":{"line":1526,"column":15},"end":{"line":1530,"column":null}},"type":"if","locations":[{"start":{"line":1526,"column":15},"end":{"line":1530,"column":null}},{"start":{"line":1526,"column":15},"end":{"line":1530,"column":null}}]},"180":{"loc":{"start":{"line":1546,"column":18},"end":{"line":1546,"column":29}},"type":"binary-expr","locations":[{"start":{"line":1546,"column":18},"end":{"line":1546,"column":29}},{"start":{"line":1546,"column":33},"end":{"line":1546,"column":62}}]},"181":{"loc":{"start":{"line":1547,"column":8},"end":{"line":1550,"column":null}},"type":"if","locations":[{"start":{"line":1547,"column":8},"end":{"line":1550,"column":null}},{"start":{"line":1547,"column":8},"end":{"line":1550,"column":null}}]},"182":{"loc":{"start":{"line":1563,"column":18},"end":{"line":1563,"column":29}},"type":"binary-expr","locations":[{"start":{"line":1563,"column":18},"end":{"line":1563,"column":29}},{"start":{"line":1563,"column":33},"end":{"line":1563,"column":62}}]},"183":{"loc":{"start":{"line":1564,"column":8},"end":{"line":1567,"column":null}},"type":"if","locations":[{"start":{"line":1564,"column":8},"end":{"line":1567,"column":null}},{"start":{"line":1564,"column":8},"end":{"line":1567,"column":null}}]},"184":{"loc":{"start":{"line":1573,"column":6},"end":{"line":1573,"column":37}},"type":"if","locations":[{"start":{"line":1573,"column":6},"end":{"line":1573,"column":37}},{"start":{"line":1573,"column":6},"end":{"line":1573,"column":37}}]},"185":{"loc":{"start":{"line":1578,"column":8},"end":{"line":1582,"column":null}},"type":"if","locations":[{"start":{"line":1578,"column":8},"end":{"line":1582,"column":null}},{"start":{"line":1578,"column":8},"end":{"line":1582,"column":null}}]}},"s":{"0":3,"1":3,"2":0,"3":0,"4":0,"5":0,"6":0,"7":0,"8":0,"9":0,"10":0,"11":0,"12":0,"13":0,"14":0,"15":0,"16":0,"17":0,"18":0,"19":0,"20":0,"21":0,"22":0,"23":0,"24":0,"25":0,"26":0,"27":0,"28":0,"29":0,"30":0,"31":0,"32":0,"33":0,"34":0,"35":0,"36":0,"37":0,"38":0,"39":0,"40":0,"41":0,"42":0,"43":0,"44":0,"45":0,"46":0,"47":0,"48":0,"49":0,"50":0,"51":0,"52":0,"53":0,"54":0,"55":0,"56":0,"57":0,"58":0,"59":0,"60":0,"61":0,"62":0,"63":0,"64":0,"65":0,"66":0,"67":0,"68":0,"69":0,"70":0,"71":0,"72":0,"73":0,"74":0,"75":0,"76":0,"77":0,"78":0,"79":0,"80":0,"81":0,"82":0,"83":0,"84":0,"85":0,"86":0,"87":0,"88":0,"89":0,"90":0,"91":0,"92":0,"93":0,"94":0,"95":0,"96":0,"97":0,"98":0,"99":0,"100":0,"101":0,"102":0,"103":0,"104":0,"105":0,"106":0,"107":0,"108":0,"109":0,"110":0,"111":0,"112":0,"113":0,"114":0,"115":0,"116":0,"117":0,"118":0,"119":0,"120":0,"121":0,"122":0,"123":0,"124":0,"125":0,"126":0,"127":0,"128":0,"129":0,"130":0,"131":0,"132":0,"133":0,"134":0,"135":0,"136":0,"137":0,"138":0,"139":0,"140":0,"141":0,"142":0,"143":0,"144":0,"145":0,"146":0,"147":0,"148":0,"149":0,"150":0,"151":0,"152":0,"153":0,"154":0,"155":0,"156":0,"157":0,"158":0,"159":0,"160":0,"161":0,"162":0,"163":0,"164":0,"165":0,"166":0,"167":0,"168":0,"169":0,"170":0,"171":0,"172":0,"173":0,"174":0,"175":0,"176":0,"177":0,"178":0,"179":0,"180":0,"181":0,"182":0,"183":0,"184":0,"185":0,"186":0,"187":0,"188":0,"189":0,"190":0,"191":0,"192":0,"193":0,"194":0,"195":0,"196":0,"197":0,"198":0,"199":0,"200":0,"201":0,"202":0,"203":0,"204":0,"205":0,"206":0,"207":0,"208":0,"209":0,"210":0,"211":0,"212":0,"213":0,"214":0,"215":0,"216":0,"217":0,"218":0,"219":0,"220":0,"221":0,"222":0,"223":0,"224":0,"225":0,"226":0,"227":0,"228":0,"229":0,"230":0,"231":0,"232":0,"233":0,"234":0,"235":0,"236":0,"237":0,"238":0,"239":0,"240":0,"241":0,"242":0,"243":0,"244":0,"245":0,"246":0,"247":0,"248":0,"249":0,"250":0,"251":0,"252":0,"253":0,"254":0,"255":0,"256":0,"257":0,"258":0,"259":0,"260":0,"261":0,"262":0,"263":0,"264":0,"265":0,"266":0,"267":0,"268":0,"269":0,"270":0,"271":0,"272":0,"273":0,"274":0,"275":0,"276":0,"277":0,"278":0,"279":0,"280":0,"281":0,"282":0,"283":0,"284":0,"285":0,"286":0,"287":0,"288":0,"289":0,"290":0,"291":0,"292":0,"293":0,"294":0,"295":0,"296":0,"297":0,"298":0,"299":0,"300":0,"301":0,"302":0,"303":0,"304":0,"305":0,"306":0,"307":0,"308":0,"309":0,"310":0,"311":0,"312":0,"313":0,"314":0,"315":0,"316":0,"317":0,"318":0,"319":0,"320":0,"321":0,"322":0,"323":0,"324":0,"325":0,"326":0,"327":0,"328":0,"329":0,"330":0,"331":0,"332":0,"333":0,"334":0,"335":0,"336":0,"337":0,"338":0,"339":0,"340":0,"341":0,"342":0,"343":0,"344":0,"345":0,"346":0,"347":0,"348":0,"349":0,"350":0,"351":0,"352":0,"353":0,"354":0,"355":0,"356":0,"357":0,"358":0,"359":0,"360":0,"361":0,"362":0,"363":0,"364":0,"365":0,"366":0,"367":0,"368":0,"369":0,"370":0,"371":0,"372":0,"373":0,"374":0,"375":0,"376":0,"377":0,"378":0,"379":0,"380":0,"381":0,"382":0,"383":0,"384":0,"385":0,"386":0,"387":0,"388":0,"389":0,"390":0,"391":0,"392":0,"393":0,"394":0,"395":0,"396":0,"397":0,"398":0,"399":0,"400":0,"401":0,"402":0,"403":0,"404":0,"405":0,"406":0,"407":0,"408":0,"409":0,"410":0,"411":0,"412":0,"413":0,"414":0,"415":0,"416":0,"417":0,"418":0,"419":0,"420":0,"421":0,"422":0,"423":0,"424":0,"425":0,"426":0,"427":0,"428":0,"429":0,"430":0,"431":0,"432":0,"433":0,"434":0,"435":0,"436":0,"437":0,"438":0,"439":0,"440":0,"441":0,"442":0,"443":0,"444":0,"445":0,"446":0,"447":0,"448":0,"449":0,"450":0,"451":0,"452":0,"453":0,"454":0,"455":0,"456":0,"457":0,"458":0,"459":0,"460":0,"461":0,"462":0,"463":0,"464":0,"465":0,"466":0,"467":0,"468":0,"469":0,"470":0,"471":0,"472":0,"473":0,"474":0,"475":0,"476":0,"477":0,"478":0,"479":0,"480":0,"481":0,"482":0,"483":0,"484":0,"485":0,"486":0,"487":0,"488":0,"489":0,"490":0,"491":0,"492":0,"493":0,"494":0,"495":0,"496":0,"497":0,"498":0,"499":0,"500":0,"501":0,"502":0,"503":0,"504":0,"505":0,"506":0,"507":0,"508":0,"509":0,"510":0,"511":0,"512":0,"513":0,"514":0,"515":0,"516":0,"517":0,"518":0,"519":0,"520":0,"521":0,"522":0,"523":0,"524":0,"525":0,"526":0,"527":0,"528":0,"529":0,"530":0,"531":0,"532":0,"533":0,"534":0,"535":0,"536":0,"537":0,"538":0,"539":0,"540":0,"541":0,"542":0,"543":0,"544":0,"545":0,"546":0,"547":0,"548":0,"549":0,"550":0,"551":0,"552":0,"553":0,"554":0,"555":0,"556":0,"557":0,"558":0,"559":0,"560":0,"561":0,"562":0,"563":0,"564":0,"565":0,"566":0,"567":0,"568":0,"569":0,"570":0,"571":0,"572":0,"573":0,"574":0,"575":0,"576":0,"577":0,"578":0,"579":0,"580":0,"581":0,"582":0,"583":0,"584":0,"585":0,"586":0,"587":0,"588":0,"589":0,"590":0,"591":0,"592":0,"593":0,"594":0,"595":0,"596":0,"597":0,"598":0,"599":0,"600":0,"601":0,"602":0,"603":0,"604":0,"605":0,"606":0,"607":0,"608":0,"609":0,"610":0,"611":0,"612":0,"613":0,"614":0,"615":0,"616":0,"617":0,"618":0,"619":0,"620":0,"621":0,"622":0,"623":0,"624":0,"625":0,"626":0,"627":0,"628":0,"629":0,"630":0,"631":0,"632":0,"633":0,"634":0,"635":0,"636":0,"637":0,"638":0,"639":0,"640":0,"641":0,"642":0,"643":0,"644":0,"645":0,"646":0,"647":0,"648":0,"649":0,"650":0,"651":0,"652":0,"653":0,"654":0,"655":0,"656":0,"657":0,"658":0,"659":0,"660":0,"661":0,"662":0,"663":0,"664":0,"665":0,"666":0,"667":0,"668":0,"669":0,"670":0,"671":0,"672":0,"673":0,"674":0,"675":0,"676":0,"677":0,"678":0,"679":0,"680":0,"681":0,"682":0,"683":0,"684":0,"685":0,"686":0,"687":0,"688":0,"689":0,"690":0,"691":0,"692":0,"693":0,"694":0,"695":0,"696":0,"697":0,"698":0,"699":0,"700":0,"701":0,"702":0,"703":0,"704":0,"705":0,"706":0,"707":0,"708":0,"709":0,"710":0,"711":0,"712":0,"713":0,"714":0,"715":0,"716":0,"717":0,"718":0,"719":0,"720":0,"721":0,"722":0,"723":0,"724":0,"725":0,"726":0,"727":0,"728":0,"729":0,"730":0,"731":0,"732":0,"733":0,"734":0,"735":0,"736":0,"737":0,"738":0,"739":0,"740":0,"741":0,"742":0,"743":0,"744":0,"745":0,"746":0,"747":0,"748":0,"749":0,"750":0,"751":0,"752":0,"753":0,"754":0,"755":0,"756":0,"757":0,"758":0,"759":0,"760":0,"761":0,"762":0,"763":0,"764":0,"765":0,"766":0,"767":0,"768":0,"769":0,"770":0,"771":0,"772":0,"773":0,"774":0,"775":0,"776":0,"777":0,"778":0,"779":0,"780":0,"781":0,"782":0,"783":0,"784":0,"785":0,"786":0,"787":0,"788":0,"789":0,"790":0,"791":0,"792":0,"793":0,"794":0,"795":0,"796":0,"797":0,"798":0,"799":0,"800":0,"801":0,"802":0,"803":0,"804":0,"805":0,"806":0,"807":0,"808":0,"809":0,"810":0,"811":0,"812":0,"813":0,"814":0,"815":0,"816":0,"817":0,"818":0,"819":0,"820":0,"821":0,"822":0,"823":0,"824":0,"825":0,"826":0,"827":0,"828":0,"829":0,"830":0,"831":0,"832":0,"833":0,"834":0,"835":0,"836":0,"837":0,"838":0,"839":0,"840":0,"841":0,"842":0,"843":0,"844":0,"845":0,"846":0,"847":0,"848":0,"849":0,"850":0,"851":0,"852":0,"853":0,"854":0,"855":0,"856":0,"857":0,"858":0,"859":0,"860":0,"861":0,"862":0,"863":0,"864":0,"865":0,"866":0,"867":0,"868":0,"869":0,"870":0,"871":0,"872":0,"873":0,"874":0,"875":0,"876":0,"877":0,"878":0,"879":0,"880":0,"881":0,"882":0,"883":0,"884":0,"885":0,"886":0,"887":0,"888":0,"889":0,"890":0,"891":0,"892":0,"893":0,"894":0,"895":3},"f":{"0":0,"1":0,"2":0,"3":0,"4":0,"5":0,"6":0,"7":0,"8":0,"9":0,"10":0,"11":0,"12":0,"13":0,"14":0,"15":0,"16":0,"17":0,"18":0,"19":0,"20":0,"21":0,"22":0,"23":0,"24":0,"25":0,"26":0,"27":0,"28":0,"29":0,"30":0,"31":0,"32":0,"33":0,"34":0,"35":0,"36":0,"37":0,"38":0,"39":0,"40":0,"41":0,"42":0,"43":0,"44":0,"45":0,"46":0,"47":0,"48":0,"49":0,"50":0,"51":0,"52":0,"53":0,"54":0,"55":0,"56":0,"57":0,"58":0,"59":0,"60":0,"61":0,"62":0,"63":0,"64":0,"65":0,"66":0,"67":0,"68":0,"69":0,"70":0,"71":0,"72":0,"73":0,"74":0,"75":0,"76":0,"77":0,"78":0,"79":0},"b":{"0":[0,0],"1":[0,0],"2":[0,0],"3":[0,0],"4":[0,0],"5":[0,0],"6":[0,0],"7":[0,0],"8":[0,0],"9":[0,0],"10":[0,0],"11":[0,0],"12":[0,0],"13":[0,0,0,0],"14":[0,0],"15":[0,0],"16":[0,0],"17":[0,0],"18":[0,0],"19":[0,0],"20":[0,0,0,0,0,0],"21":[0,0,0],"22":[0,0,0,0,0,0,0,0],"23":[0,0],"24":[0,0],"25":[0,0],"26":[0,0],"27":[0,0],"28":[0,0],"29":[0,0],"30":[0,0],"31":[0,0],"32":[0,0],"33":[0,0],"34":[0,0],"35":[0,0],"36":[0,0],"37":[0,0],"38":[0,0],"39":[0,0,0],"40":[0,0],"41":[0,0],"42":[0,0,0],"43":[0,0],"44":[0,0],"45":[0,0],"46":[0,0],"47":[0,0],"48":[0,0],"49":[0,0],"50":[0,0],"51":[0,0],"52":[0,0],"53":[0,0],"54":[0,0],"55":[0,0],"56":[0,0,0],"57":[0,0],"58":[0,0],"59":[0,0],"60":[0,0],"61":[0,0],"62":[0,0],"63":[0,0,0,0,0,0,0,0,0,0,0,0,0],"64":[0,0],"65":[0,0],"66":[0,0],"67":[0,0],"68":[0,0],"69":[0,0],"70":[0,0],"71":[0,0,0,0,0,0,0,0,0,0,0,0,0,0,0],"72":[0,0],"73":[0,0],"74":[0,0],"75":[0,0],"76":[0,0],"77":[0,0],"78":[0,0],"79":[0,0],"80":[0,0],"81":[0,0],"82":[0,0],"83":[0,0],"84":[0,0],"85":[0,0],"86":[0,0],"87":[0,0],"88":[0,0],"89":[0,0],"90":[0,0],"91":[0,0],"92":[0,0],"93":[0,0],"94":[0,0],"95":[0,0],"96":[0,0],"97":[0,0,0,0,0,0,0,0,0,0,0,0,0,0,0,0,0,0,0,0,0,0],"98":[0,0],"99":[0,0],"100":[0,0],"101":[0,0],"102":[0,0],"103":[0,0],"104":[0,0],"105":[0,0],"106":[0,0],"107":[0,0,0],"108":[0,0],"109":[0,0],"110":[0,0],"111":[0,0],"112":[0,0],"113":[0,0],"114":[0,0],"115":[0,0],"116":[0,0,0,0,0,0,0],"117":[0,0],"118":[0,0],"119":[0,0],"120":[0,0],"121":[0,0],"122":[0,0],"123":[0,0],"124":[0,0],"125":[0,0],"126":[0,0],"127":[0,0],"128":[0,0],"129":[0,0],"130":[0,0],"131":[0,0],"132":[0,0],"133":[0,0],"134":[0,0],"135":[0,0],"136":[0,0],"137":[0,0],"138":[0,0],"139":[0,0],"140":[0,0],"141":[0,0],"142":[0,0],"143":[0,0],"144":[0,0,0],"145":[0,0],"146":[0,0],"147":[0,0,0],"148":[0,0],"149":[0,0],"150":[0,0],"151":[0,0],"152":[0,0],"153":[0,0,0],"154":[0,0,0,0,0,0,0],"155":[0,0],"156":[0,0],"157":[0,0],"158":[0,0],"159":[0,0],"160":[0,0],"161":[0,0],"162":[0,0],"163":[0,0],"164":[0,0],"165":[0,0,0,0,0,0,0,0],"166":[0,0],"167":[0,0],"168":[0,0],"169":[0,0],"170":[0,0],"171":[0,0],"172":[0,0],"173":[0,0],"174":[0,0],"175":[0,0],"176":[0,0],"177":[0,0],"178":[0,0],"179":[0,0],"180":[0,0],"181":[0,0],"182":[0,0],"183":[0,0],"184":[0,0],"185":[0,0]}}
}
