TN:
SF:/Users/gvanginkel/Development/cronkite/src/components/cronk-datastreams/cronk-datastreams.tsx
FN:4,(anonymous_0)
FN:17,(anonymous_1)
FN:18,(anonymous_2)
FN:22,(anonymous_3)
FN:26,(anonymous_4)
FN:34,(anonymous_5)
FNF:6
FNH:6
FNDA:6,(anonymous_0)
FNDA:1,(anonymous_1)
FNDA:1,(anonymous_2)
FNDA:2,(anonymous_3)
FNDA:8,(anonymous_4)
FNDA:3,(anonymous_5)
DA:1,1
DA:4,1
DA:14,6
DA:18,1
DA:23,2
DA:27,8
DA:28,8
DA:30,8
DA:35,3
LF:9
LH:9
BRDA:27,0,0,8
BRDA:27,0,1,3
BRDA:32,1,0,8
BRDA:32,1,1,3
BRDA:32,1,2,3
BRDA:32,1,3,5
BRF:6
BRH:6
end_of_record
TN:
SF:/Users/gvanginkel/Development/cronkite/src/components/cronk-errormessage/cronk-errormessage.tsx
FN:3,(anonymous_0)
FN:10,(anonymous_1)
FNF:2
FNH:2
FNDA:3,(anonymous_0)
FNDA:3,(anonymous_1)
DA:1,1
DA:3,1
DA:8,3
DA:11,3
LF:4
LH:4
BRF:0
BRH:0
end_of_record
TN:
SF:/Users/gvanginkel/Development/cronkite/src/components/cronk-event-stream/cronk-event-stream.tsx
FN:13,(anonymous_2)
FN:21,(anonymous_3)
FN:22,(anonymous_4)
FN:26,(anonymous_5)
FNF:4
FNH:4
FNDA:5,(anonymous_2)
FNDA:2,(anonymous_3)
FNDA:1,(anonymous_4)
FNDA:5,(anonymous_5)
DA:1,1
DA:3,1
DA:14,5
DA:15,2
DA:16,2
DA:17,1
DA:18,1
DA:21,2
DA:22,1
DA:27,5
DA:29,1
DA:30,1
LF:12
LH:12
BRDA:14,0,0,3
BRDA:14,0,1,2
BRDA:16,1,0,1
BRDA:16,1,1,1
BRDA:27,2,0,4
BRDA:27,2,1,1
BRDA:27,3,0,5
BRDA:27,3,1,1
BRF:8
BRH:8
end_of_record
TN:
SF:/Users/gvanginkel/Development/cronkite/src/components/cronk-funnel/cronk-funnel.tsx
FN:4,(anonymous_0)
FN:11,(anonymous_1)
FN:12,(anonymous_2)
FN:18,(anonymous_3)
FN:23,(anonymous_4)
FN:34,(anonymous_5)
FN:40,(anonymous_6)
FNF:7
FNH:7
FNDA:6,(anonymous_0)
FNDA:3,(anonymous_1)
FNDA:5,(anonymous_2)
FNDA:8,(anonymous_3)
FNDA:5,(anonymous_4)
FNDA:2,(anonymous_5)
FNDA:5,(anonymous_6)
DA:1,1
DA:4,1
DA:9,6
DA:12,5
DA:13,3
DA:14,1
DA:19,8
DA:21,3
DA:22,3
DA:23,3
DA:24,5
DA:25,0
DA:27,5
DA:29,5
DA:32,3
DA:34,2
DA:36,3
DA:41,5
LF:18
LH:17
BRDA:12,0,0,3
BRDA:12,0,1,3
BRDA:12,1,0,5
BRDA:12,1,1,4
BRDA:13,2,0,1
BRDA:13,2,1,2
BRDA:19,3,0,5
BRDA:19,3,1,3
BRDA:19,4,0,8
BRDA:19,4,1,8
BRDA:24,5,0,0
BRDA:24,5,1,5
BRDA:25,6,0,0
BRDA:25,6,1,0
BRDA:29,7,0,5
BRDA:29,7,1,1
BRF:16
BRH:13
end_of_record
TN:
SF:/Users/gvanginkel/Development/cronkite/src/components/cronk-page/cronk-page.tsx
FN:13,(anonymous_1)
FN:72,(anonymous_2)
FN:30,(anonymous_3)
FN:47,(anonymous_4)
FN:61,(anonymous_5)
FN:68,(anonymous_6)
FN:78,(anonymous_7)
FN:82,(anonymous_8)
FN:87,(anonymous_9)
FN:91,(anonymous_10)
FN:104,(anonymous_11)
FN:105,(anonymous_12)
FN:118,(anonymous_13)
FNF:13
FNH:7
FNDA:10,(anonymous_1)
FNDA:0,(anonymous_2)
FNDA:3,(anonymous_3)
FNDA:7,(anonymous_4)
FNDA:0,(anonymous_5)
FNDA:0,(anonymous_6)
FNDA:17,(anonymous_7)
FNDA:14,(anonymous_8)
FNDA:3,(anonymous_9)
FNDA:9,(anonymous_10)
FNDA:0,(anonymous_11)
FNDA:0,(anonymous_12)
FNDA:0,(anonymous_13)
DA:2,1
DA:3,1
DA:4,1
DA:5,1
DA:6,1
DA:7,1
DA:8,1
DA:11,1
DA:13,1
DA:19,10
DA:24,10
DA:26,10
DA:32,3
DA:33,1
DA:34,1
DA:35,1
DA:43,2
DA:48,7
DA:49,7
DA:50,7
DA:51,7
DA:52,5
DA:55,0
DA:57,7
DA:62,0
DA:63,0
DA:69,0
DA:72,10
DA:73,0
DA:74,0
DA:75,0
DA:79,17
DA:83,14
DA:84,14
DA:88,3
DA:92,9
DA:93,9
DA:94,9
DA:96,9
DA:98,9
DA:101,9
DA:105,0
DA:113,9
DA:119,0
DA:120,0
DA:121,0
LF:46
LH:35
BRDA:75,0,0,0
BRDA:75,0,1,0
BRDA:75,1,0,0
BRDA:75,1,1,0
BRDA:32,2,0,1
BRDA:32,2,1,2
BRDA:51,3,0,5
BRDA:51,3,1,2
BRDA:62,4,0,0
BRDA:62,4,1,0
BRDA:83,5,0,0
BRDA:83,5,1,14
BRDA:93,6,0,9
BRDA:93,6,1,3
BRDA:96,7,0,9
BRDA:96,7,1,1
BRDA:96,7,2,8
BRDA:98,8,0,9
BRDA:98,8,1,1
BRDA:101,9,0,9
BRDA:101,9,1,0
BRDA:101,9,2,9
BRDA:116,10,0,9
BRDA:116,10,1,1
BRDA:116,10,2,8
BRDA:118,11,0,1
BRDA:118,11,1,0
BRDA:119,12,0,0
BRDA:119,12,1,0
BRDA:120,13,0,0
BRDA:120,13,1,0
BRDA:134,14,0,9
BRDA:134,14,1,1
BRDA:134,14,2,0
BRDA:134,14,3,9
BRDA:139,15,0,9
BRDA:139,15,1,0
BRDA:139,15,2,9
BRDA:140,16,0,0
BRDA:140,16,1,0
BRDA:144,17,0,9
BRDA:144,17,1,2
BRDA:144,17,2,7
BRF:43
BRH:26
end_of_record
TN:
SF:/Users/gvanginkel/Development/cronkite/src/components/cronk-page-components/cronk-page-components.tsx
FN:10,(anonymous_1)
FN:15,(anonymous_2)
FNF:2
FNH:2
FNDA:1,(anonymous_1)
FNDA:1,(anonymous_2)
DA:1,1
DA:3,1
DA:11,1
DA:12,1
DA:16,1
LF:5
LH:5
BRF:0
BRH:0
end_of_record
TN:
SF:/Users/gvanginkel/Development/cronkite/src/components/cronk-page-panel/cronk-page-panel.tsx
FN:8,eventAsJSON
FN:18,(anonymous_2)
FN:43,(anonymous_3)
FN:32,(anonymous_4)
FN:50,(anonymous_5)
FN:64,(anonymous_6)
FN:65,(anonymous_7)
FN:70,(anonymous_8)
FN:93,(anonymous_9)
FNF:9
FNH:3
FNDA:0,eventAsJSON
FNDA:2,(anonymous_2)
FNDA:0,(anonymous_3)
FNDA:0,(anonymous_4)
FNDA:1,(anonymous_5)
FNDA:0,(anonymous_6)
FNDA:0,(anonymous_7)
FNDA:1,(anonymous_8)
FNDA:0,(anonymous_9)
DA:2,1
DA:3,1
DA:4,1
DA:6,1
DA:9,0
DA:10,0
DA:11,0
DA:12,0
DA:15,0
DA:18,1
DA:30,2
DA:33,0
DA:34,0
DA:35,0
DA:36,0
DA:38,0
DA:39,0
DA:43,2
DA:44,0
DA:45,0
DA:46,0
DA:47,0
DA:51,1
DA:52,0
DA:53,0
DA:54,0
DA:56,0
DA:57,0
DA:58,0
DA:60,0
DA:65,0
DA:66,0
DA:71,1
DA:73,0
DA:74,0
DA:75,0
DA:77,0
DA:94,0
DA:95,0
DA:96,0
LF:40
LH:9
BRDA:11,0,0,0
BRDA:11,0,1,0
BRDA:11,1,0,0
BRDA:11,1,1,0
BRDA:11,1,2,0
BRDA:46,2,0,0
BRDA:46,2,1,0
BRDA:51,3,0,1
BRDA:51,3,1,0
BRDA:56,4,0,0
BRDA:56,4,1,0
BRDA:71,5,0,1
BRDA:71,5,1,0
BRDA:71,6,0,1
BRDA:71,6,1,0
BRDA:74,7,0,0
BRDA:74,7,1,0
BRDA:74,7,2,0
BRDA:75,8,0,0
BRDA:75,8,1,0
BRDA:79,9,0,0
BRDA:79,9,1,0
BRDA:83,10,0,0
BRDA:83,10,1,0
BRDA:87,11,0,0
BRDA:87,11,1,0
BRDA:90,12,0,0
BRDA:90,12,1,0
BRDA:90,12,2,0
BRDA:92,13,0,0
BRDA:92,13,1,0
BRDA:93,14,0,0
BRDA:93,14,1,0
BRDA:94,15,0,0
BRDA:94,15,1,0
BRDA:95,16,0,0
BRDA:95,16,1,0
BRF:37
BRH:3
end_of_record
TN:
SF:/Users/gvanginkel/Development/cronkite/src/components/cronk-selector/cronk-selector.tsx
FN:10,(anonymous_1)
FN:24,(anonymous_2)
FN:25,(anonymous_3)
FN:32,(anonymous_4)
FN:37,(anonymous_5)
FN:48,(anonymous_6)
FN:58,(anonymous_7)
FN:68,(anonymous_8)
FN:71,(anonymous_9)
FN:82,(anonymous_10)
FN:84,(anonymous_11)
FN:85,(anonymous_12)
FN:89,(anonymous_13)
FN:96,(anonymous_14)
FN:101,(anonymous_15)
FN:104,(anonymous_16)
FN:115,(anonymous_17)
FN:133,(anonymous_18)
FN:143,(anonymous_19)
FNF:19
FNH:8
FNDA:6,(anonymous_1)
FNDA:1,(anonymous_2)
FNDA:1,(anonymous_3)
FNDA:1,(anonymous_4)
FNDA:1,(anonymous_5)
FNDA:0,(anonymous_6)
FNDA:0,(anonymous_7)
FNDA:0,(anonymous_8)
FNDA:0,(anonymous_9)
FNDA:0,(anonymous_10)
FNDA:0,(anonymous_11)
FNDA:0,(anonymous_12)
FNDA:0,(anonymous_13)
FNDA:0,(anonymous_14)
FNDA:9,(anonymous_15)
FNDA:2,(anonymous_16)
FNDA:0,(anonymous_17)
FNDA:2,(anonymous_18)
FNDA:0,(anonymous_19)
DA:1,1
DA:2,1
DA:10,1
DA:15,6
DA:17,6
DA:19,6
DA:21,6
DA:25,1
DA:26,1
DA:27,1
DA:29,1
DA:30,1
DA:31,1
DA:32,1
DA:35,1
DA:38,1
DA:44,1
DA:49,0
DA:51,0
DA:52,0
DA:53,0
DA:54,0
DA:56,0
DA:59,0
DA:64,0
DA:65,0
DA:69,0
DA:70,0
DA:71,0
DA:72,0
DA:74,0
DA:75,0
DA:76,0
DA:78,0
DA:79,0
DA:83,0
DA:84,0
DA:85,0
DA:87,0
DA:89,0
DA:90,0
DA:91,0
DA:93,0
DA:96,0
DA:97,0
DA:102,9
DA:104,2
DA:105,2
DA:115,0
DA:134,2
DA:135,2
DA:137,2
DA:143,0
LF:53
LH:23
BRDA:29,0,0,1
BRDA:29,0,1,0
BRDA:29,1,0,1
BRDA:29,1,1,0
BRDA:32,2,0,1
BRDA:32,2,1,0
BRDA:40,3,0,1
BRDA:40,3,1,0
BRDA:49,4,0,0
BRDA:49,4,1,0
BRDA:52,5,0,0
BRDA:52,5,1,0
BRDA:52,6,0,0
BRDA:52,6,1,0
BRDA:72,7,0,0
BRDA:72,7,1,0
BRDA:74,8,0,0
BRDA:74,8,1,0
BRDA:74,9,0,0
BRDA:74,9,1,0
BRDA:74,9,2,0
BRDA:87,10,0,0
BRDA:87,10,1,0
BRDA:90,11,0,0
BRDA:90,11,1,0
BRDA:102,12,0,7
BRDA:102,12,1,2
BRDA:107,13,0,0
BRDA:107,13,1,2
BRDA:113,14,0,2
BRDA:113,14,1,0
BRDA:123,15,0,0
BRDA:123,15,1,2
BRDA:132,16,0,2
BRDA:132,16,1,2
BRDA:141,17,0,2
BRDA:141,17,1,2
BRDA:141,17,2,0
BRDA:144,18,0,0
BRDA:144,18,1,0
BRF:40
BRH:13
end_of_record
TN:
SF:/Users/gvanginkel/Development/cronkite/src/components/cronk-statsbox/cronk-statsbox.tsx
FN:4,(anonymous_0)
FN:11,(anonymous_1)
FN:15,(anonymous_2)
FNF:3
FNH:2
FNDA:2,(anonymous_0)
FNDA:1,(anonymous_1)
FNDA:0,(anonymous_2)
DA:1,1
DA:4,1
DA:9,2
DA:12,1
DA:13,1
DA:16,0
LF:6
LH:5
BRDA:12,0,0,0
BRDA:12,0,1,1
BRF:2
BRH:1
end_of_record
TN:
SF:/Users/gvanginkel/Development/cronkite/src/components/cronk-title/cronk-title.tsx
FN:3,(anonymous_0)
FN:9,(anonymous_1)
FNF:2
FNH:2
FNDA:2,(anonymous_0)
FNDA:1,(anonymous_1)
DA:1,1
DA:3,1
DA:8,2
DA:10,1
LF:4
LH:4
BRDA:10,0,0,1
BRDA:10,0,1,0
BRDA:10,0,2,1
BRF:3
BRH:2
end_of_record
TN:
SF:/Users/gvanginkel/Development/cronkite/src/components/cronk-version/cronk-version.tsx
FN:8,(anonymous_1)
FNF:1
FNH:1
FNDA:1,(anonymous_1)
DA:1,1
DA:3,1
DA:9,1
LF:3
LH:3
BRF:0
BRH:0
end_of_record
TN:
SF:/Users/gvanginkel/Development/cronkite/src/datastreams/interfaces.ts
FN:1,(anonymous_0)
FNF:1
FNH:1
FNDA:1,(anonymous_0)
DA:1,1
DA:2,1
DA:3,1
LF:3
LH:3
BRDA:1,0,0,1
BRDA:1,0,1,1
BRF:2
BRH:2
end_of_record
TN:
SF:/Users/gvanginkel/Development/cronkite/src/datastreams/cronk-poll-datastream/cronk-poll-datastream.tsx
FN:23,(anonymous_0)
FN:30,(anonymous_1)
FN:39,(anonymous_2)
FN:66,(anonymous_3)
FN:73,(anonymous_4)
FN:77,(anonymous_5)
FN:78,(anonymous_6)
FN:78,(anonymous_7)
FN:81,(anonymous_8)
FN:81,(anonymous_9)
FN:103,(anonymous_10)
FN:117,(anonymous_11)
FN:132,(anonymous_12)
FN:155,(anonymous_13)
FN:162,(anonymous_14)
FN:172,(anonymous_15)
FN:90,(anonymous_16)
FN:94,(anonymous_17)
FN:99,(anonymous_18)
FN:100,(anonymous_19)
FN:122,(anonymous_20)
FN:192,(anonymous_21)
FN:199,(anonymous_22)
FN:204,(anonymous_23)
FN:209,(anonymous_24)
FN:214,(anonymous_25)
FNF:26
FNH:4
FNDA:1,(anonymous_0)
FNDA:3,(anonymous_1)
FNDA:0,(anonymous_2)
FNDA:0,(anonymous_3)
FNDA:0,(anonymous_4)
FNDA:0,(anonymous_5)
FNDA:0,(anonymous_6)
FNDA:0,(anonymous_7)
FNDA:0,(anonymous_8)
FNDA:0,(anonymous_9)
FNDA:0,(anonymous_10)
FNDA:0,(anonymous_11)
FNDA:0,(anonymous_12)
FNDA:0,(anonymous_13)
FNDA:0,(anonymous_14)
FNDA:0,(anonymous_15)
FNDA:0,(anonymous_16)
FNDA:0,(anonymous_17)
FNDA:0,(anonymous_18)
FNDA:0,(anonymous_19)
FNDA:0,(anonymous_20)
FNDA:0,(anonymous_21)
FNDA:0,(anonymous_22)
FNDA:0,(anonymous_23)
FNDA:2,(anonymous_24)
FNDA:2,(anonymous_25)
DA:1,1
DA:2,1
DA:5,1
DA:8,1
DA:9,1
DA:16,1
DA:23,1
DA:24,1
DA:25,1
DA:26,1
DA:27,1
DA:30,1
DA:34,3
DA:36,3
DA:37,3
DA:38,3
DA:39,3
DA:44,0
DA:49,0
DA:52,0
DA:57,3
DA:58,3
DA:59,3
DA:60,3
DA:61,3
DA:62,3
DA:63,3
DA:64,3
DA:65,3
DA:66,3
DA:70,0
DA:73,0
DA:74,0
DA:75,0
DA:76,0
DA:77,0
DA:78,0
DA:81,0
DA:82,0
DA:83,0
DA:85,0
DA:86,0
DA:91,0
DA:95,0
DA:96,0
DA:100,0
DA:103,3
DA:104,0
DA:114,0
DA:117,3
DA:118,0
DA:119,0
DA:123,0
DA:124,0
DA:132,3
DA:133,0
DA:134,0
DA:135,0
DA:136,0
DA:138,0
DA:140,0
DA:146,0
DA:148,0
DA:149,0
DA:151,0
DA:152,0
DA:155,0
DA:156,0
DA:158,0
DA:159,0
DA:162,0
DA:163,0
DA:165,0
DA:166,0
DA:168,0
DA:169,0
DA:172,3
DA:173,0
DA:174,0
DA:175,0
DA:177,0
DA:179,0
DA:182,0
DA:183,0
DA:184,0
DA:185,0
DA:193,0
DA:194,0
DA:195,0
DA:200,0
DA:201,0
DA:205,0
DA:206,0
DA:210,2
DA:211,0
DA:215,2
LF:96
LH:33
BRDA:23,0,0,1
BRDA:23,0,1,1
BRDA:44,1,0,0
BRDA:44,1,1,0
BRDA:74,2,0,0
BRDA:74,2,1,0
BRDA:75,3,0,0
BRDA:75,3,1,0
BRDA:76,4,0,0
BRDA:76,4,1,0
BRDA:76,5,0,0
BRDA:76,5,1,0
BRDA:76,5,2,0
BRDA:119,6,0,0
BRDA:119,6,1,0
BRDA:140,7,0,0
BRDA:140,7,1,0
BRDA:147,8,0,0
BRDA:147,8,1,0
BRDA:147,8,2,0
BRDA:147,8,3,0
BRDA:179,9,0,0
BRDA:179,9,1,0
BRDA:182,10,0,0
BRDA:182,10,1,0
BRDA:183,11,0,0
BRDA:183,11,1,0
BRDA:123,12,0,0
BRDA:123,12,1,0
BRDA:193,13,0,0
BRDA:193,13,1,0
BRDA:210,14,0,2
BRDA:210,14,1,0
BRF:33
BRH:3
end_of_record
TN:
SF:/Users/gvanginkel/Development/cronkite/src/datastreams/epi-instance-datastream/epi-instance-datastream.tsx
FN:5,(anonymous_2)
FN:19,(anonymous_3)
FN:30,(anonymous_4)
FN:42,(anonymous_5)
FNF:4
FNH:2
FNDA:1,(anonymous_2)
FNDA:0,(anonymous_3)
FNDA:0,(anonymous_4)
FNDA:1,(anonymous_5)
DA:1,1
DA:2,1
DA:3,1
DA:5,1
DA:11,1
DA:14,1
DA:15,1
DA:16,1
DA:17,1
DA:20,0
DA:22,0
DA:24,0
DA:26,0
DA:31,0
DA:32,0
DA:34,0
DA:36,0
DA:38,0
DA:43,1
DA:44,0
DA:46,0
LF:21
LH:10
BRDA:21,0,0,0
BRDA:21,0,1,0
BRDA:21,0,2,0
BRDA:33,1,0,0
BRDA:33,1,1,0
BRDA:33,1,2,0
BRDA:43,2,0,1
BRDA:43,2,1,0
BRDA:43,3,0,1
BRDA:43,3,1,1
BRDA:43,3,2,0
BRF:11
BRH:3
end_of_record
TN:
SF:/Users/gvanginkel/Development/cronkite/src/datastreams/epi-instance-datastream/responseHandlers/index.ts
FN:3,(anonymous_0)
FN:10,(anonymous_1)
FN:10,(anonymous_2)
FN:14,(anonymous_3)
FN:17,(anonymous_4)
FN:27,(anonymous_5)
FN:28,(anonymous_6)
FN:28,(anonymous_7)
FN:33,(anonymous_8)
FN:49,(anonymous_9)
FN:59,(anonymous_10)
FN:61,(anonymous_11)
FN:65,(anonymous_12)
FN:66,(anonymous_13)
FN:70,(anonymous_14)
FN:71,(anonymous_15)
FN:71,(anonymous_16)
FN:76,(anonymous_17)
FN:92,(anonymous_18)
FN:102,(anonymous_19)
FN:102,(anonymous_20)
FN:106,(anonymous_21)
FN:107,(anonymous_22)
FN:111,(anonymous_23)
FN:112,(anonymous_24)
FN:112,(anonymous_25)
FNF:26
FNH:0
FNDA:0,(anonymous_0)
FNDA:0,(anonymous_1)
FNDA:0,(anonymous_2)
FNDA:0,(anonymous_3)
FNDA:0,(anonymous_4)
FNDA:0,(anonymous_5)
FNDA:0,(anonymous_6)
FNDA:0,(anonymous_7)
FNDA:0,(anonymous_8)
FNDA:0,(anonymous_9)
FNDA:0,(anonymous_10)
FNDA:0,(anonymous_11)
FNDA:0,(anonymous_12)
FNDA:0,(anonymous_13)
FNDA:0,(anonymous_14)
FNDA:0,(anonymous_15)
FNDA:0,(anonymous_16)
FNDA:0,(anonymous_17)
FNDA:0,(anonymous_18)
FNDA:0,(anonymous_19)
FNDA:0,(anonymous_20)
FNDA:0,(anonymous_21)
FNDA:0,(anonymous_22)
FNDA:0,(anonymous_23)
FNDA:0,(anonymous_24)
FNDA:0,(anonymous_25)
DA:3,1
DA:4,0
DA:10,1
DA:14,0
DA:15,0
DA:18,0
DA:19,0
DA:26,0
DA:27,0
DA:28,0
DA:32,0
DA:34,0
DA:35,0
DA:43,0
DA:47,0
DA:49,0
DA:55,0
DA:56,0
DA:59,1
DA:61,0
DA:65,0
DA:66,0
DA:69,0
DA:70,0
DA:71,0
DA:75,0
DA:77,0
DA:78,0
DA:86,0
DA:90,0
DA:92,0
DA:98,0
DA:99,0
DA:102,1
DA:106,0
DA:107,0
DA:110,0
DA:111,0
DA:112,0
DA:116,0
DA:120,0
DA:123,1
LF:42
LH:5
BRDA:20,0,0,0
BRDA:20,0,1,0
BRDA:26,1,0,0
BRDA:26,1,1,0
BRDA:37,2,0,0
BRDA:37,2,1,0
BRDA:69,3,0,0
BRDA:69,3,1,0
BRDA:80,4,0,0
BRDA:80,4,1,0
BRDA:110,5,0,0
BRDA:110,5,1,0
BRF:12
BRH:0
end_of_record
TN:
SF:/Users/gvanginkel/Development/cronkite/src/utils/index.ts
FN:41,(anonymous_1)
FN:45,(anonymous_2)
FN:52,(anonymous_3)
FN:58,(anonymous_4)
FN:67,(anonymous_5)
FN:70,(anonymous_6)
FN:76,(anonymous_7)
FN:86,(anonymous_8)
FN:116,(anonymous_9)
FN:118,(anonymous_10)
FN:132,(anonymous_11)
FN:138,(anonymous_12)
FN:142,(anonymous_13)
FN:157,(anonymous_14)
FN:167,(anonymous_15)
FN:179,(anonymous_16)
FN:184,(anonymous_17)
FN:185,(anonymous_18)
FNF:18
FNH:18
FNDA:12,(anonymous_1)
FNDA:5,(anonymous_2)
FNDA:2,(anonymous_3)
FNDA:2,(anonymous_4)
FNDA:26,(anonymous_5)
FNDA:1,(anonymous_6)
FNDA:27,(anonymous_7)
FNDA:7,(anonymous_8)
FNDA:36,(anonymous_9)
FNDA:14,(anonymous_10)
FNDA:31,(anonymous_11)
FNDA:2,(anonymous_12)
FNDA:2,(anonymous_13)
FNDA:20,(anonymous_14)
FNDA:4,(anonymous_15)
FNDA:1,(anonymous_16)
FNDA:5,(anonymous_17)
FNDA:4,(anonymous_18)
DA:1,3
DA:2,3
DA:3,3
DA:6,3
DA:22,3
DA:36,3
DA:37,3
DA:38,3
DA:39,3
DA:41,3
DA:42,12
DA:43,5
DA:44,5
DA:45,5
DA:49,1
DA:50,1
DA:51,1
DA:53,2
DA:54,2
DA:55,2
DA:56,2
DA:58,2
DA:60,1
DA:64,0
DA:67,3
DA:68,26
DA:69,1
DA:71,1
DA:76,3
DA:83,27
DA:85,1
DA:86,7
DA:88,2
DA:89,2
DA:90,2
DA:91,2
DA:93,2
DA:94,2
DA:95,2
DA:96,2
DA:98,8
DA:99,8
DA:100,8
DA:106,8
DA:107,8
DA:109,3
DA:110,3
DA:111,3
DA:113,1
DA:114,1
DA:115,1
DA:116,36
DA:119,14
DA:120,14
DA:121,14
DA:122,7
DA:123,7
DA:125,14
DA:129,1
DA:131,2
DA:132,2
DA:133,31
DA:134,31
DA:137,1
DA:139,2
DA:143,2
DA:144,2
DA:151,3
DA:154,1
DA:156,2
DA:157,20
DA:160,0
DA:162,1
DA:164,1
DA:167,3
DA:168,4
DA:169,3
DA:170,3
DA:171,1
DA:173,2
DA:174,1
DA:176,1
DA:179,3
DA:180,1
DA:184,5
DA:185,4
LF:86
LH:84
BRDA:42,0,0,7
BRDA:42,0,1,5
BRDA:53,1,0,0
BRDA:53,1,1,2
BRDA:55,2,0,0
BRDA:55,2,1,2
BRDA:68,3,0,25
BRDA:68,3,1,1
BRDA:68,4,0,26
BRDA:68,4,1,26
BRDA:84,5,0,1
BRDA:84,5,1,2
BRDA:84,5,2,2
BRDA:84,5,3,8
BRDA:84,5,4,3
BRDA:84,5,5,1
BRDA:84,5,6,2
BRDA:84,5,7,1
BRDA:84,5,8,3
BRDA:84,5,9,1
BRDA:84,5,10,2
BRDA:84,5,11,0
BRDA:84,5,12,1
BRDA:85,6,0,1
BRDA:85,6,1,0
BRDA:89,7,0,2
BRDA:89,7,1,0
BRDA:89,8,0,0
BRDA:89,8,1,0
BRDA:90,9,0,2
BRDA:90,9,1,0
BRDA:90,10,0,0
BRDA:90,10,1,0
BRDA:94,11,0,2
BRDA:94,11,1,0
BRDA:94,12,0,0
BRDA:94,12,1,0
BRDA:95,13,0,2
BRDA:95,13,1,0
BRDA:95,14,0,0
BRDA:95,14,1,0
BRDA:99,15,0,8
BRDA:99,15,1,0
BRDA:104,16,0,8
BRDA:104,16,1,0
BRDA:106,17,0,8
BRDA:106,17,1,0
BRDA:107,18,0,2
BRDA:107,18,1,6
BRDA:110,19,0,3
BRDA:110,19,1,0
BRDA:111,20,0,3
BRDA:111,20,1,2
BRDA:114,21,0,1
BRDA:114,21,1,0
BRDA:120,22,0,14
BRDA:120,22,1,12
BRDA:121,23,0,7
BRDA:121,23,1,7
BRDA:131,24,0,2
BRDA:131,24,1,0
BRDA:133,25,0,31
BRDA:133,25,1,8
BRDA:144,26,0,0
BRDA:144,26,1,2
BRDA:151,27,0,3
BRDA:151,27,1,0
BRDA:156,28,0,2
BRDA:156,28,1,0
BRDA:157,29,0,2
BRDA:157,29,1,0
BRDA:168,30,0,1
BRDA:168,30,1,3
BRDA:170,31,0,1
BRDA:170,31,1,2
BRDA:173,32,0,1
BRDA:173,32,1,1
BRF:77
BRH:51
end_of_record
TN:
SF:/Users/gvanginkel/Development/cronkite/src/views/cronk-app/cronk-app.tsx
FN:3,(anonymous_0)
FN:13,(anonymous_1)
FN:21,(anonymous_2)
FN:29,(anonymous_3)
FN:32,(anonymous_4)
FNF:5
FNH:5
FNDA:3,(anonymous_0)
FNDA:2,(anonymous_1)
FNDA:1,(anonymous_2)
FNDA:3,(anonymous_3)
FNDA:3,(anonymous_4)
DA:1,1
DA:3,1
DA:9,3
DA:14,2
DA:15,2
DA:16,2
DA:17,2
DA:22,1
DA:23,1
DA:24,1
DA:25,1
DA:30,3
DA:32,3
LF:13
LH:13
BRDA:14,0,0,2
BRDA:14,0,1,0
BRDA:22,1,0,1
BRDA:22,1,1,0
BRF:4
BRH:2
end_of_record
TN:
SF:/Users/gvanginkel/Development/cronkite/src/workers/jmespath-worker.ts
FN:3,(anonymous_1)
FN:5,isArray
FN:13,isObject
FN:21,strictDeepEqual
FN:62,isFalse
FN:79,objValues
FN:90,(anonymous_7)
FN:94,(anonymous_8)
FN:181,isAlpha
FN:188,isNum
FN:192,isAlphaNum
FN:200,(anonymous_12)
FN:202,(anonymous_13)
FN:285,(anonymous_14)
FN:294,(anonymous_15)
FN:312,(anonymous_16)
FN:331,(anonymous_17)
FN:342,(anonymous_18)
FN:356,(anonymous_19)
FN:390,(anonymous_20)
FN:416,(anonymous_21)
FN:469,(anonymous_22)
FN:472,(anonymous_23)
FN:486,(anonymous_24)
FN:493,(anonymous_25)
FN:506,(anonymous_26)
FN:510,(anonymous_27)
FN:514,(anonymous_28)
FN:518,(anonymous_29)
FN:593,(anonymous_30)
FN:670,(anonymous_31)
FN:681,(anonymous_32)
FN:690,(anonymous_33)
FN:704,(anonymous_34)
FN:716,(anonymous_35)
FN:743,(anonymous_36)
FN:748,(anonymous_37)
FN:762,(anonymous_38)
FN:783,(anonymous_39)
FN:799,(anonymous_40)
FN:831,(anonymous_41)
FN:835,(anonymous_42)
FN:839,(anonymous_43)
FN:1050,(anonymous_44)
FN:1081,(anonymous_45)
FN:1098,(anonymous_46)
FN:1177,(anonymous_47)
FN:1186,(anonymous_48)
FN:1224,(anonymous_49)
FN:1254,(anonymous_50)
FN:1277,(anonymous_51)
FN:1281,(anonymous_52)
FN:1287,(anonymous_53)
FN:1303,(anonymous_54)
FN:1307,(anonymous_55)
FN:1311,(anonymous_56)
FN:1320,(anonymous_57)
FN:1324,(anonymous_58)
FN:1328,(anonymous_59)
FN:1336,(anonymous_60)
FN:1348,(anonymous_61)
FN:1359,(anonymous_62)
FN:1379,(anonymous_63)
FN:1399,(anonymous_64)
FN:1408,(anonymous_65)
FN:1429,(anonymous_66)
FN:1433,(anonymous_67)
FN:1443,(anonymous_68)
FN:1449,(anonymous_69)
FN:1457,(anonymous_70)
FN:1465,(anonymous_71)
FN:1479,(anonymous_72)
FN:1488,(anonymous_73)
FN:1494,(anonymous_74)
FN:1512,(anonymous_75)
FN:1538,(anonymous_76)
FN:1555,(anonymous_77)
FN:1572,(anonymous_78)
FN:1576,(anonymous_79)
FN:1601,search
FNF:80
FNH:0
FNDA:0,(anonymous_1)
FNDA:0,isArray
FNDA:0,isObject
FNDA:0,strictDeepEqual
FNDA:0,isFalse
FNDA:0,objValues
FNDA:0,(anonymous_7)
FNDA:0,(anonymous_8)
FNDA:0,isAlpha
FNDA:0,isNum
FNDA:0,isAlphaNum
FNDA:0,(anonymous_12)
FNDA:0,(anonymous_13)
FNDA:0,(anonymous_14)
FNDA:0,(anonymous_15)
FNDA:0,(anonymous_16)
FNDA:0,(anonymous_17)
FNDA:0,(anonymous_18)
FNDA:0,(anonymous_19)
FNDA:0,(anonymous_20)
FNDA:0,(anonymous_21)
FNDA:0,(anonymous_22)
FNDA:0,(anonymous_23)
FNDA:0,(anonymous_24)
FNDA:0,(anonymous_25)
FNDA:0,(anonymous_26)
FNDA:0,(anonymous_27)
FNDA:0,(anonymous_28)
FNDA:0,(anonymous_29)
FNDA:0,(anonymous_30)
FNDA:0,(anonymous_31)
FNDA:0,(anonymous_32)
FNDA:0,(anonymous_33)
FNDA:0,(anonymous_34)
FNDA:0,(anonymous_35)
FNDA:0,(anonymous_36)
FNDA:0,(anonymous_37)
FNDA:0,(anonymous_38)
FNDA:0,(anonymous_39)
FNDA:0,(anonymous_40)
FNDA:0,(anonymous_41)
FNDA:0,(anonymous_42)
FNDA:0,(anonymous_43)
FNDA:0,(anonymous_44)
FNDA:0,(anonymous_45)
FNDA:0,(anonymous_46)
FNDA:0,(anonymous_47)
FNDA:0,(anonymous_48)
FNDA:0,(anonymous_49)
FNDA:0,(anonymous_50)
FNDA:0,(anonymous_51)
FNDA:0,(anonymous_52)
FNDA:0,(anonymous_53)
FNDA:0,(anonymous_54)
FNDA:0,(anonymous_55)
FNDA:0,(anonymous_56)
FNDA:0,(anonymous_57)
FNDA:0,(anonymous_58)
FNDA:0,(anonymous_59)
FNDA:0,(anonymous_60)
FNDA:0,(anonymous_61)
FNDA:0,(anonymous_62)
FNDA:0,(anonymous_63)
FNDA:0,(anonymous_64)
FNDA:0,(anonymous_65)
FNDA:0,(anonymous_66)
FNDA:0,(anonymous_67)
FNDA:0,(anonymous_68)
FNDA:0,(anonymous_69)
FNDA:0,(anonymous_70)
FNDA:0,(anonymous_71)
FNDA:0,(anonymous_72)
FNDA:0,(anonymous_73)
FNDA:0,(anonymous_74)
FNDA:0,(anonymous_75)
FNDA:0,(anonymous_76)
FNDA:0,(anonymous_77)
FNDA:0,(anonymous_78)
FNDA:0,(anonymous_79)
FNDA:0,search
DA:1,3
DA:3,3
DA:6,0
DA:7,0
DA:9,0
DA:14,0
DA:15,0
DA:17,0
DA:22,0
DA:23,0
DA:25,0
DA:26,0
DA:27,0
DA:29,0
DA:30,0
DA:31,0
DA:33,0
DA:34,0
DA:35,0
DA:38,0
DA:40,0
DA:41,0
DA:42,0
DA:43,0
DA:44,0
DA:45,0
DA:47,0
DA:50,0
DA:51,0
DA:52,0
DA:53,0
DA:57,0
DA:59,0
DA:63,0
DA:64,0
DA:65,0
DA:66,0
DA:67,0
DA:68,0
DA:69,0
DA:70,0
DA:73,0
DA:75,0
DA:80,0
DA:81,0
DA:82,0
DA:83,0
DA:85,0
DA:89,0
DA:90,0
DA:91,0
DA:94,0
DA:95,0
DA:96,0
DA:100,0
DA:113,0
DA:114,0
DA:115,0
DA:116,0
DA:117,0
DA:118,0
DA:119,0
DA:120,0
DA:121,0
DA:122,0
DA:124,0
DA:125,0
DA:126,0
DA:127,0
DA:128,0
DA:129,0
DA:130,0
DA:131,0
DA:132,0
DA:133,0
DA:134,0
DA:135,0
DA:136,0
DA:137,0
DA:138,0
DA:139,0
DA:140,0
DA:141,0
DA:142,0
DA:143,0
DA:144,0
DA:145,0
DA:146,0
DA:147,0
DA:148,0
DA:149,0
DA:150,0
DA:151,0
DA:152,0
DA:154,0
DA:167,0
DA:174,0
DA:182,0
DA:189,0
DA:193,0
DA:201,0
DA:203,0
DA:208,0
DA:209,0
DA:210,0
DA:211,0
DA:212,0
DA:217,0
DA:218,0
DA:223,0
DA:224,0
DA:225,0
DA:226,0
DA:227,0
DA:228,0
DA:229,0
DA:230,0
DA:231,0
DA:232,0
DA:233,0
DA:238,0
DA:239,0
DA:240,0
DA:241,0
DA:246,0
DA:247,0
DA:248,0
DA:249,0
DA:254,0
DA:255,0
DA:256,0
DA:257,0
DA:258,0
DA:259,0
DA:260,0
DA:261,0
DA:262,0
DA:263,0
DA:265,0
DA:267,0
DA:268,0
DA:269,0
DA:270,0
DA:271,0
DA:272,0
DA:274,0
DA:277,0
DA:278,0
DA:279,0
DA:282,0
DA:286,0
DA:287,0
DA:288,0
DA:289,0
DA:291,0
DA:295,0
DA:296,0
DA:297,0
DA:298,0
DA:299,0
DA:300,0
DA:302,0
DA:304,0
DA:306,0
DA:308,0
DA:309,0
DA:313,0
DA:314,0
DA:315,0
DA:316,0
DA:317,0
DA:318,0
DA:320,0
DA:322,0
DA:324,0
DA:326,0
DA:327,0
DA:328,0
DA:332,0
DA:333,0
DA:334,0
DA:335,0
DA:336,0
DA:338,0
DA:339,0
DA:343,0
DA:344,0
DA:345,0
DA:346,0
DA:347,0
DA:348,0
DA:349,0
DA:350,0
DA:352,0
DA:357,0
DA:358,0
DA:359,0
DA:360,0
DA:361,0
DA:362,0
DA:363,0
DA:365,0
DA:367,0
DA:368,0
DA:369,0
DA:370,0
DA:372,0
DA:374,0
DA:375,0
DA:376,0
DA:377,0
DA:379,0
DA:381,0
DA:382,0
DA:383,0
DA:384,0
DA:387,0
DA:391,0
DA:392,0
DA:393,0
DA:395,0
DA:396,0
DA:397,0
DA:399,0
DA:401,0
DA:403,0
DA:405,0
DA:406,0
DA:407,0
DA:408,0
DA:410,0
DA:412,0
DA:413,0
DA:417,0
DA:418,0
DA:419,0
DA:421,0
DA:422,0
DA:423,0
DA:424,0
DA:425,0
DA:426,0
DA:427,0
DA:428,0
DA:429,0
DA:430,0
DA:432,0
DA:435,0
DA:440,0
DA:441,0
DA:442,0
DA:443,0
DA:444,0
DA:445,0
DA:446,0
DA:447,0
DA:448,0
DA:449,0
DA:450,0
DA:451,0
DA:452,0
DA:453,0
DA:454,0
DA:455,0
DA:456,0
DA:457,0
DA:458,0
DA:459,0
DA:460,0
DA:461,0
DA:462,0
DA:463,0
DA:464,0
DA:465,0
DA:466,0
DA:467,0
DA:470,0
DA:471,0
DA:473,0
DA:474,0
DA:475,0
DA:476,0
DA:477,0
DA:478,0
DA:480,0
DA:481,0
DA:483,0
DA:487,0
DA:488,0
DA:489,0
DA:490,0
DA:494,0
DA:495,0
DA:496,0
DA:497,0
DA:498,0
DA:499,0
DA:500,0
DA:501,0
DA:503,0
DA:507,0
DA:511,0
DA:515,0
DA:522,0
DA:524,0
DA:526,0
DA:528,0
DA:529,0
DA:530,0
DA:532,0
DA:535,0
DA:536,0
DA:538,0
DA:539,0
DA:540,0
DA:541,0
DA:543,0
DA:545,0
DA:547,0
DA:549,0
DA:551,0
DA:552,0
DA:553,0
DA:555,0
DA:556,0
DA:557,0
DA:558,0
DA:560,0
DA:561,0
DA:562,0
DA:563,0
DA:568,0
DA:571,0
DA:573,0
DA:574,0
DA:576,0
DA:577,0
DA:578,0
DA:579,0
DA:580,0
DA:582,0
DA:584,0
DA:586,0
DA:587,0
DA:589,0
DA:595,0
DA:597,0
DA:598,0
DA:599,0
DA:600,0
DA:602,0
DA:603,0
DA:604,0
DA:607,0
DA:608,0
DA:610,0
DA:611,0
DA:613,0
DA:614,0
DA:616,0
DA:617,0
DA:619,0
DA:620,0
DA:621,0
DA:622,0
DA:624,0
DA:626,0
DA:627,0
DA:629,0
DA:631,0
DA:632,0
DA:633,0
DA:635,0
DA:636,0
DA:637,0
DA:638,0
DA:640,0
DA:642,0
DA:644,0
DA:645,0
DA:646,0
DA:653,0
DA:655,0
DA:656,0
DA:657,0
DA:658,0
DA:660,0
DA:661,0
DA:662,0
DA:663,0
DA:666,0
DA:671,0
DA:672,0
DA:674,0
DA:675,0
DA:676,0
DA:677,0
DA:682,0
DA:685,0
DA:686,0
DA:691,0
DA:692,0
DA:694,0
DA:698,0
DA:699,0
DA:700,0
DA:705,0
DA:706,0
DA:707,0
DA:712,0
DA:717,0
DA:718,0
DA:719,0
DA:720,0
DA:721,0
DA:722,0
DA:723,0
DA:724,0
DA:725,0
DA:726,0
DA:728,0
DA:729,0
DA:731,0
DA:732,0
DA:734,0
DA:736,0
DA:737,0
DA:744,0
DA:745,0
DA:749,0
DA:750,0
DA:751,0
DA:752,0
DA:753,0
DA:754,0
DA:755,0
DA:756,0
DA:757,0
DA:758,0
DA:764,0
DA:765,0
DA:766,0
DA:767,0
DA:768,0
DA:769,0
DA:770,0
DA:771,0
DA:772,0
DA:774,0
DA:775,0
DA:777,0
DA:778,0
DA:780,0
DA:784,0
DA:785,0
DA:786,0
DA:787,0
DA:788,0
DA:789,0
DA:790,0
DA:791,0
DA:795,0
DA:796,0
DA:800,0
DA:801,0
DA:803,0
DA:804,0
DA:805,0
DA:806,0
DA:809,0
DA:810,0
DA:811,0
DA:812,0
DA:813,0
DA:814,0
DA:815,0
DA:816,0
DA:817,0
DA:818,0
DA:819,0
DA:822,0
DA:832,0
DA:836,0
DA:841,0
DA:843,0
DA:844,0
DA:845,0
DA:846,0
DA:847,0
DA:848,0
DA:850,0
DA:853,0
DA:856,0
DA:857,0
DA:858,0
DA:859,0
DA:860,0
DA:863,0
DA:865,0
DA:866,0
DA:867,0
DA:869,0
DA:870,0
DA:872,0
DA:873,0
DA:874,0
DA:876,0
DA:877,0
DA:878,0
DA:880,0
DA:882,0
DA:883,0
DA:885,0
DA:886,0
DA:887,0
DA:888,0
DA:889,0
DA:890,0
DA:891,0
DA:892,0
DA:893,0
DA:894,0
DA:897,0
DA:898,0
DA:901,0
DA:903,0
DA:904,0
DA:905,0
DA:907,0
DA:908,0
DA:909,0
DA:910,0
DA:911,0
DA:914,0
DA:916,0
DA:917,0
DA:918,0
DA:920,0
DA:921,0
DA:922,0
DA:923,0
DA:924,0
DA:925,0
DA:928,0
DA:930,0
DA:931,0
DA:932,0
DA:934,0
DA:935,0
DA:936,0
DA:937,0
DA:938,0
DA:939,0
DA:942,0
DA:943,0
DA:944,0
DA:945,0
DA:948,0
DA:950,0
DA:951,0
DA:952,0
DA:954,0
DA:955,0
DA:957,0
DA:958,0
DA:960,0
DA:961,0
DA:963,0
DA:964,0
DA:966,0
DA:967,0
DA:969,0
DA:970,0
DA:972,0
DA:974,0
DA:976,0
DA:977,0
DA:978,0
DA:980,0
DA:981,0
DA:982,0
DA:983,0
DA:984,0
DA:986,0
DA:989,0
DA:991,0
DA:993,0
DA:994,0
DA:996,0
DA:997,0
DA:998,0
DA:1000,0
DA:1002,0
DA:1003,0
DA:1005,0
DA:1007,0
DA:1008,0
DA:1009,0
DA:1011,0
DA:1013,0
DA:1014,0
DA:1015,0
DA:1017,0
DA:1019,0
DA:1021,0
DA:1022,0
DA:1024,0
DA:1026,0
DA:1027,0
DA:1029,0
DA:1031,0
DA:1032,0
DA:1034,0
DA:1036,0
DA:1037,0
DA:1038,0
DA:1040,0
DA:1042,0
DA:1043,0
DA:1044,0
DA:1046,0
DA:1051,0
DA:1052,0
DA:1053,0
DA:1054,0
DA:1055,0
DA:1056,0
DA:1057,0
DA:1058,0
DA:1059,0
DA:1060,0
DA:1062,0
DA:1064,0
DA:1065,0
DA:1067,0
DA:1070,0
DA:1071,0
DA:1073,0
DA:1075,0
DA:1076,0
DA:1077,0
DA:1078,0
DA:1082,0
DA:1083,0
DA:1084,0
DA:1085,0
DA:1087,0
DA:1088,0
DA:1090,0
DA:1099,0
DA:1102,0
DA:1178,0
DA:1179,0
DA:1180,0
DA:1182,0
DA:1183,0
DA:1188,0
DA:1189,0
DA:1190,0
DA:1191,0
DA:1195,0
DA:1196,0
DA:1197,0
DA:1204,0
DA:1205,0
DA:1206,0
DA:1207,0
DA:1208,0
DA:1209,0
DA:1210,0
DA:1211,0
DA:1214,0
DA:1215,0
DA:1225,0
DA:1226,0
DA:1228,0
DA:1231,0
DA:1232,0
DA:1233,0
DA:1235,0
DA:1236,0
DA:1237,0
DA:1238,0
DA:1240,0
DA:1241,0
DA:1242,0
DA:1244,0
DA:1247,0
DA:1250,0
DA:1252,0
DA:1255,0
DA:1257,0
DA:1259,0
DA:1261,0
DA:1263,0
DA:1265,0
DA:1267,0
DA:1268,0
DA:1270,0
DA:1273,0
DA:1278,0
DA:1282,0
DA:1283,0
DA:1284,0
DA:1288,0
DA:1289,0
DA:1290,0
DA:1291,0
DA:1292,0
DA:1293,0
DA:1295,0
DA:1297,0
DA:1298,0
DA:1299,0
DA:1304,0
DA:1308,0
DA:1312,0
DA:1313,0
DA:1314,0
DA:1315,0
DA:1317,0
DA:1321,0
DA:1325,0
DA:1329,0
DA:1330,0
DA:1332,0
DA:1337,0
DA:1338,0
DA:1339,0
DA:1340,0
DA:1341,0
DA:1342,0
DA:1343,0
DA:1345,0
DA:1349,0
DA:1350,0
DA:1351,0
DA:1352,0
DA:1353,0
DA:1356,0
DA:1360,0
DA:1361,0
DA:1362,0
DA:1363,0
DA:1365,0
DA:1366,0
DA:1367,0
DA:1368,0
DA:1369,0
DA:1372,0
DA:1375,0
DA:1380,0
DA:1381,0
DA:1382,0
DA:1383,0
DA:1385,0
DA:1386,0
DA:1387,0
DA:1388,0
DA:1389,0
DA:1392,0
DA:1395,0
DA:1400,0
DA:1401,0
DA:1402,0
DA:1403,0
DA:1405,0
DA:1409,0
DA:1411,0
DA:1413,0
DA:1415,0
DA:1417,0
DA:1419,0
DA:1421,0
DA:1423,0
DA:1425,0
DA:1430,0
DA:1434,0
DA:1435,0
DA:1436,0
DA:1437,0
DA:1438,0
DA:1440,0
DA:1444,0
DA:1445,0
DA:1446,0
DA:1450,0
DA:1451,0
DA:1453,0
DA:1458,0
DA:1459,0
DA:1461,0
DA:1466,0
DA:1468,0
DA:1469,0
DA:1470,0
DA:1471,0
DA:1472,0
DA:1473,0
DA:1476,0
DA:1480,0
DA:1481,0
DA:1482,0
DA:1485,0
DA:1489,0
DA:1490,0
DA:1491,0
DA:1495,0
DA:1496,0
DA:1497,0
DA:1498,0
DA:1500,0
DA:1501,0
DA:1502,0
DA:1504,0
DA:1505,0
DA:1507,0
DA:1508,0
DA:1509,0
DA:1510,0
DA:1512,0
DA:1513,0
DA:1514,0
DA:1515,0
DA:1516,0
DA:1519,0
DA:1520,0
DA:1524,0
DA:1525,0
DA:1526,0
DA:1527,0
DA:1529,0
DA:1532,0
DA:1533,0
DA:1535,0
DA:1539,0
DA:1540,0
DA:1541,0
DA:1542,0
DA:1545,0
DA:1546,0
DA:1547,0
DA:1548,0
DA:1549,0
DA:1552,0
DA:1556,0
DA:1557,0
DA:1558,0
DA:1559,0
DA:1562,0
DA:1563,0
DA:1564,0
DA:1565,0
DA:1566,0
DA:1569,0
DA:1573,0
DA:1574,0
DA:1575,0
DA:1576,0
DA:1577,0
DA:1578,0
DA:1579,0
DA:1581,0
DA:1583,0
DA:1585,0
DA:1602,0
DA:1603,0
DA:1604,0
DA:1605,0
DA:1606,0
DA:1607,0
DA:1609,0
DA:1612,3
LF:873
LH:3
BRDA:6,0,0,0
BRDA:6,0,1,0
BRDA:14,1,0,0
BRDA:14,1,1,0
BRDA:22,2,0,0
BRDA:22,2,1,0
BRDA:26,3,0,0
BRDA:26,3,1,0
BRDA:29,4,0,0
BRDA:29,4,1,0
BRDA:30,5,0,0
BRDA:30,5,1,0
BRDA:34,6,0,0
BRDA:34,6,1,0
BRDA:40,7,0,0
BRDA:40,7,1,0
BRDA:43,8,0,0
BRDA:43,8,1,0
BRDA:44,9,0,0
BRDA:44,9,1,0
BRDA:51,10,0,0
BRDA:51,10,1,0
BRDA:52,11,0,0
BRDA:52,11,1,0
BRDA:63,12,0,0
BRDA:63,12,1,0
BRDA:63,13,0,0
BRDA:63,13,1,0
BRDA:63,13,2,0
BRDA:63,13,3,0
BRDA:65,14,0,0
BRDA:65,14,1,0
BRDA:65,15,0,0
BRDA:65,15,1,0
BRDA:67,16,0,0
BRDA:67,16,1,0
BRDA:69,17,0,0
BRDA:69,17,1,0
BRDA:89,18,0,0
BRDA:89,18,1,0
BRDA:96,19,0,0
BRDA:96,19,1,0
BRDA:182,20,0,0
BRDA:182,20,1,0
BRDA:182,20,2,0
BRDA:182,20,3,0
BRDA:182,20,4,0
BRDA:182,20,5,0
BRDA:189,21,0,0
BRDA:189,21,1,0
BRDA:189,21,2,0
BRDA:193,22,0,0
BRDA:193,22,1,0
BRDA:193,22,2,0
BRDA:193,22,3,0
BRDA:193,22,4,0
BRDA:193,22,5,0
BRDA:193,22,6,0
BRDA:193,22,7,0
BRDA:209,23,0,0
BRDA:209,23,1,0
BRDA:217,24,0,0
BRDA:217,24,1,0
BRDA:224,25,0,0
BRDA:224,25,1,0
BRDA:227,26,0,0
BRDA:227,26,1,0
BRDA:230,27,0,0
BRDA:230,27,1,0
BRDA:238,28,0,0
BRDA:238,28,1,0
BRDA:246,29,0,0
BRDA:246,29,1,0
BRDA:254,30,0,0
BRDA:254,30,1,0
BRDA:256,31,0,0
BRDA:256,31,1,0
BRDA:258,32,0,0
BRDA:258,32,1,0
BRDA:261,33,0,0
BRDA:261,33,1,0
BRDA:267,34,0,0
BRDA:267,34,1,0
BRDA:270,35,0,0
BRDA:270,35,1,0
BRDA:288,36,0,0
BRDA:288,36,1,0
BRDA:298,37,0,0
BRDA:298,37,1,0
BRDA:300,38,0,0
BRDA:300,38,1,0
BRDA:300,39,0,0
BRDA:300,39,1,0
BRDA:300,39,2,0
BRDA:316,40,0,0
BRDA:316,40,1,0
BRDA:318,41,0,0
BRDA:318,41,1,0
BRDA:318,42,0,0
BRDA:318,42,1,0
BRDA:318,42,2,0
BRDA:335,43,0,0
BRDA:335,43,1,0
BRDA:345,44,0,0
BRDA:345,44,1,0
BRDA:348,45,0,0
BRDA:348,45,1,0
BRDA:360,46,0,0
BRDA:360,46,1,0
BRDA:361,47,0,0
BRDA:361,47,1,0
BRDA:367,48,0,0
BRDA:367,48,1,0
BRDA:368,49,0,0
BRDA:368,49,1,0
BRDA:374,50,0,0
BRDA:374,50,1,0
BRDA:375,51,0,0
BRDA:375,51,1,0
BRDA:381,52,0,0
BRDA:381,52,1,0
BRDA:382,53,0,0
BRDA:382,53,1,0
BRDA:395,54,0,0
BRDA:395,54,1,0
BRDA:397,55,0,0
BRDA:397,55,1,0
BRDA:397,56,0,0
BRDA:397,56,1,0
BRDA:397,56,2,0
BRDA:407,57,0,0
BRDA:407,57,1,0
BRDA:421,58,0,0
BRDA:421,58,1,0
BRDA:423,59,0,0
BRDA:423,59,1,0
BRDA:425,60,0,0
BRDA:425,60,1,0
BRDA:427,61,0,0
BRDA:427,61,1,0
BRDA:476,62,0,0
BRDA:476,62,1,0
BRDA:523,63,0,0
BRDA:523,63,1,0
BRDA:523,63,2,0
BRDA:523,63,3,0
BRDA:523,63,4,0
BRDA:523,63,5,0
BRDA:523,63,6,0
BRDA:523,63,7,0
BRDA:523,63,8,0
BRDA:523,63,9,0
BRDA:523,63,10,0
BRDA:523,63,11,0
BRDA:523,63,12,0
BRDA:529,64,0,0
BRDA:529,64,1,0
BRDA:540,65,0,0
BRDA:540,65,1,0
BRDA:555,66,0,0
BRDA:555,66,1,0
BRDA:555,67,0,0
BRDA:555,67,1,0
BRDA:558,68,0,0
BRDA:558,68,1,0
BRDA:558,69,0,0
BRDA:558,69,1,0
BRDA:578,70,0,0
BRDA:578,70,1,0
BRDA:596,71,0,0
BRDA:596,71,1,0
BRDA:596,71,2,0
BRDA:596,71,3,0
BRDA:596,71,4,0
BRDA:596,71,5,0
BRDA:596,71,6,0
BRDA:596,71,7,0
BRDA:596,71,8,0
BRDA:596,71,9,0
BRDA:596,71,10,0
BRDA:596,71,11,0
BRDA:596,71,12,0
BRDA:596,71,13,0
BRDA:596,71,14,0
BRDA:598,72,0,0
BRDA:598,72,1,0
BRDA:620,73,0,0
BRDA:620,73,1,0
BRDA:626,74,0,0
BRDA:626,74,1,0
BRDA:637,75,0,0
BRDA:637,75,1,0
BRDA:656,76,0,0
BRDA:656,76,1,0
BRDA:656,77,0,0
BRDA:656,77,1,0
BRDA:671,78,0,0
BRDA:671,78,1,0
BRDA:691,79,0,0
BRDA:691,79,1,0
BRDA:691,80,0,0
BRDA:691,80,1,0
BRDA:706,81,0,0
BRDA:706,81,1,0
BRDA:720,82,0,0
BRDA:720,82,1,0
BRDA:721,83,0,0
BRDA:721,83,1,0
BRDA:724,84,0,0
BRDA:724,84,1,0
BRDA:751,85,0,0
BRDA:751,85,1,0
BRDA:753,86,0,0
BRDA:753,86,1,0
BRDA:756,87,0,0
BRDA:756,87,1,0
BRDA:764,88,0,0
BRDA:764,88,1,0
BRDA:766,89,0,0
BRDA:766,89,1,0
BRDA:768,90,0,0
BRDA:768,90,1,0
BRDA:770,91,0,0
BRDA:770,91,1,0
BRDA:788,92,0,0
BRDA:788,92,1,0
BRDA:790,93,0,0
BRDA:790,93,1,0
BRDA:805,94,0,0
BRDA:805,94,1,0
BRDA:815,95,0,0
BRDA:815,95,1,0
BRDA:817,96,0,0
BRDA:817,96,1,0
BRDA:842,97,0,0
BRDA:842,97,1,0
BRDA:842,97,2,0
BRDA:842,97,3,0
BRDA:842,97,4,0
BRDA:842,97,5,0
BRDA:842,97,6,0
BRDA:842,97,7,0
BRDA:842,97,8,0
BRDA:842,97,9,0
BRDA:842,97,10,0
BRDA:842,97,11,0
BRDA:842,97,12,0
BRDA:842,97,13,0
BRDA:842,97,14,0
BRDA:842,97,15,0
BRDA:842,97,16,0
BRDA:842,97,17,0
BRDA:842,97,18,0
BRDA:842,97,19,0
BRDA:842,97,20,0
BRDA:842,97,21,0
BRDA:843,98,0,0
BRDA:843,98,1,0
BRDA:845,99,0,0
BRDA:845,99,1,0
BRDA:847,100,0,0
BRDA:847,100,1,0
BRDA:859,101,0,0
BRDA:859,101,1,0
BRDA:869,102,0,0
BRDA:869,102,1,0
BRDA:873,103,0,0
BRDA:873,103,1,0
BRDA:877,104,0,0
BRDA:877,104,1,0
BRDA:882,105,0,0
BRDA:882,105,1,0
BRDA:891,106,0,0
BRDA:891,106,1,0
BRDA:891,107,0,0
BRDA:891,107,1,0
BRDA:891,107,2,0
BRDA:892,108,0,0
BRDA:892,108,1,0
BRDA:904,109,0,0
BRDA:904,109,1,0
BRDA:910,110,0,0
BRDA:910,110,1,0
BRDA:917,111,0,0
BRDA:917,111,1,0
BRDA:924,112,0,0
BRDA:924,112,1,0
BRDA:931,113,0,0
BRDA:931,113,1,0
BRDA:938,114,0,0
BRDA:938,114,1,0
BRDA:944,115,0,0
BRDA:944,115,1,0
BRDA:953,116,0,0
BRDA:953,116,1,0
BRDA:953,116,2,0
BRDA:953,116,3,0
BRDA:953,116,4,0
BRDA:953,116,5,0
BRDA:953,116,6,0
BRDA:977,117,0,0
BRDA:977,117,1,0
BRDA:983,118,0,0
BRDA:983,118,1,0
BRDA:993,119,0,0
BRDA:993,119,1,0
BRDA:1002,120,0,0
BRDA:1002,120,1,0
BRDA:1014,121,0,0
BRDA:1014,121,1,0
BRDA:1021,122,0,0
BRDA:1021,122,1,0
BRDA:1055,123,0,0
BRDA:1055,123,1,0
BRDA:1057,124,0,0
BRDA:1057,124,1,0
BRDA:1062,125,0,0
BRDA:1062,125,1,0
BRDA:1064,126,0,0
BRDA:1064,126,1,0
BRDA:1065,127,0,0
BRDA:1065,127,1,0
BRDA:1070,128,0,0
BRDA:1070,128,1,0
BRDA:1071,129,0,0
BRDA:1071,129,1,0
BRDA:1082,130,0,0
BRDA:1082,130,1,0
BRDA:1084,131,0,0
BRDA:1084,131,1,0
BRDA:1085,132,0,0
BRDA:1085,132,1,0
BRDA:1087,133,0,0
BRDA:1087,133,1,0
BRDA:1088,134,0,0
BRDA:1088,134,1,0
BRDA:1179,135,0,0
BRDA:1179,135,1,0
BRDA:1188,136,0,0
BRDA:1188,136,1,0
BRDA:1189,137,0,0
BRDA:1189,137,1,0
BRDA:1190,138,0,0
BRDA:1190,138,1,0
BRDA:1195,139,0,0
BRDA:1195,139,1,0
BRDA:1196,140,0,0
BRDA:1196,140,1,0
BRDA:1209,141,0,0
BRDA:1209,141,1,0
BRDA:1209,142,0,0
BRDA:1209,142,1,0
BRDA:1214,143,0,0
BRDA:1214,143,1,0
BRDA:1219,144,0,0
BRDA:1219,144,1,0
BRDA:1219,144,2,0
BRDA:1225,145,0,0
BRDA:1225,145,1,0
BRDA:1228,146,0,0
BRDA:1228,146,1,0
BRDA:1228,147,0,0
BRDA:1228,147,1,0
BRDA:1228,147,2,0
BRDA:1231,148,0,0
BRDA:1231,148,1,0
BRDA:1233,149,0,0
BRDA:1233,149,1,0
BRDA:1235,150,0,0
BRDA:1235,150,1,0
BRDA:1237,151,0,0
BRDA:1237,151,1,0
BRDA:1242,152,0,0
BRDA:1242,152,1,0
BRDA:1242,153,0,0
BRDA:1242,153,1,0
BRDA:1242,153,2,0
BRDA:1256,154,0,0
BRDA:1256,154,1,0
BRDA:1256,154,2,0
BRDA:1256,154,3,0
BRDA:1256,154,4,0
BRDA:1256,154,5,0
BRDA:1256,154,6,0
BRDA:1267,155,0,0
BRDA:1267,155,1,0
BRDA:1289,156,0,0
BRDA:1289,156,1,0
BRDA:1329,157,0,0
BRDA:1329,157,1,0
BRDA:1337,158,0,0
BRDA:1337,158,1,0
BRDA:1360,159,0,0
BRDA:1360,159,1,0
BRDA:1362,160,0,0
BRDA:1362,160,1,0
BRDA:1368,161,0,0
BRDA:1368,161,1,0
BRDA:1380,162,0,0
BRDA:1380,162,1,0
BRDA:1382,163,0,0
BRDA:1382,163,1,0
BRDA:1388,164,0,0
BRDA:1388,164,1,0
BRDA:1410,165,0,0
BRDA:1410,165,1,0
BRDA:1410,165,2,0
BRDA:1410,165,3,0
BRDA:1410,165,4,0
BRDA:1410,165,5,0
BRDA:1410,165,6,0
BRDA:1410,165,7,0
BRDA:1450,166,0,0
BRDA:1450,166,1,0
BRDA:1458,167,0,0
BRDA:1458,167,1,0
BRDA:1468,168,0,0
BRDA:1468,168,1,0
BRDA:1470,169,0,0
BRDA:1470,169,1,0
BRDA:1472,170,0,0
BRDA:1472,170,1,0
BRDA:1481,171,0,0
BRDA:1481,171,1,0
BRDA:1495,172,0,0
BRDA:1495,172,1,0
BRDA:1497,173,0,0
BRDA:1497,173,1,0
BRDA:1504,174,0,0
BRDA:1504,174,1,0
BRDA:1504,175,0,0
BRDA:1504,175,1,0
BRDA:1515,176,0,0
BRDA:1515,176,1,0
BRDA:1519,177,0,0
BRDA:1519,177,1,0
BRDA:1524,178,0,0
BRDA:1524,178,1,0
BRDA:1526,179,0,0
BRDA:1526,179,1,0
BRDA:1546,180,0,0
BRDA:1546,180,1,0
BRDA:1547,181,0,0
BRDA:1547,181,1,0
BRDA:1563,182,0,0
BRDA:1563,182,1,0
BRDA:1564,183,0,0
BRDA:1564,183,1,0
BRDA:1573,184,0,0
BRDA:1573,184,1,0
BRDA:1578,185,0,0
BRDA:1578,185,1,0
BRF:452
BRH:0
end_of_record
